Arguments: 
  /usr/local/bin/node /usr/local/bin/yarn add bootstrap

PATH: 
  /home/juliotorres/torch/install/bin:/home/juliotorres/torch/install/bin:/home/juliotorres/bin:/home/juliotorres/.local/bin:/home/juliotorres/torch/install/bin:/home/juliotorres/torch/install/bin:/home/juliotorres/bin:/home/juliotorres/.local/bin:/usr/local/sbin:/usr/local/bin:/usr/sbin:/usr/bin:/sbin:/bin:/usr/games:/usr/local/games:/snap/bin:/usr/lib/jvm/java-8-oracle/bin:/usr/lib/jvm/java-8-oracle/db/bin:/usr/lib/jvm/java-8-oracle/jre/bin:/usr/local/go/bin:/snap/bin:/usr/lib/jvm/java-8-oracle/bin:/usr/lib/jvm/java-8-oracle/db/bin:/usr/lib/jvm/java-8-oracle/jre/bin:/usr/local/go/bin:/home/juliotorres/go/bin:/home/juliotorres/go/bin

Yarn version: 
  1.0.2

Node version: 
  8.7.0

Platform: 
  linux x64

npm manifest: 
  {
      "name": "webpack",
      "version": "1.0.0",
      "description": "",
      "scripts": {
          "watch": "webpack --watch",
          "build": "webpack",
          "start": "webpack-dev-server --watch",
          "test": "echo \"Error: no test specified\" && exit 1"
      },
      "author": "",
      "license": "ISC",
      "devDependencies": {
          "babel-core": "^6.26.0",
          "babel-loader": "^7.1.2",
          "clean-webpack-plugin": "^0.1.17",
          "copy-webpack-plugin": "^4.2.0",
          "css-loader": "^0.28.7",
          "esprima-fb": "^15001.1001.0-dev-harmony-fb",
          "jstransform": "^11.0.3",
          "jsx-loader": "^0.13.2",
          "node-sass": "^4.5.3",
          "sass-loader": "^6.0.6",
          "ts-loader": "^3.0.5",
          "h": "^0.1.0",
          "virtual-dom-loader": "^0.1.0"
      },
      "nodemonConfig": {
          "ignore": [
              "node_modules/*",
              "public/*",
              "build/*"
          ],
          "delay": "2500"
      }
  }

yarn manifest: 
  No manifest

Lockfile: 
  # THIS IS AN AUTOGENERATED FILE. DO NOT EDIT THIS FILE DIRECTLY.
  # yarn lockfile v1
  
  
  abbrev@1:
    version "1.1.1"
    resolved "https://registry.yarnpkg.com/abbrev/-/abbrev-1.1.1.tgz#f8f2c887ad10bf67f634f005b6987fed3179aac8"
  
  acorn@^4.0.3:
    version "4.0.13"
    resolved "https://registry.yarnpkg.com/acorn/-/acorn-4.0.13.tgz#105495ae5361d697bd195c825192e1ad7f253787"
  
  ajv@^5.1.0:
    version "5.2.4"
    resolved "https://registry.yarnpkg.com/ajv/-/ajv-5.2.4.tgz#3daf9a8b67221299fdae8d82d117ed8e6c80244b"
    dependencies:
      co "^4.6.0"
      fast-deep-equal "^1.0.0"
      json-schema-traverse "^0.3.0"
      json-stable-stringify "^1.0.1"
  
  alphanum-sort@^1.0.1, alphanum-sort@^1.0.2:
    version "1.0.2"
    resolved "https://registry.yarnpkg.com/alphanum-sort/-/alphanum-sort-1.0.2.tgz#97a1119649b211ad33691d9f9f486a8ec9fbe0a3"
  
  amdefine@>=0.0.4:
    version "1.0.1"
    resolved "https://registry.yarnpkg.com/amdefine/-/amdefine-1.0.1.tgz#4a5282ac164729e93619bcfd3ad151f817ce91f5"
  
  ansi-regex@^2.0.0:
    version "2.1.1"
    resolved "https://registry.yarnpkg.com/ansi-regex/-/ansi-regex-2.1.1.tgz#c3b33ab5ee360d86e0e628f0468ae7ef27d654df"
  
  ansi-styles@^2.2.1:
    version "2.2.1"
    resolved "https://registry.yarnpkg.com/ansi-styles/-/ansi-styles-2.2.1.tgz#b432dd3358b634cf75e1e4664368240533c1ddbe"
  
  ansi-styles@^3.1.0:
    version "3.2.0"
    resolved "https://registry.yarnpkg.com/ansi-styles/-/ansi-styles-3.2.0.tgz#c159b8d5be0f9e5a6f346dab94f16ce022161b88"
    dependencies:
      color-convert "^1.9.0"
  
  aproba@^1.0.3:
    version "1.2.0"
    resolved "https://registry.yarnpkg.com/aproba/-/aproba-1.2.0.tgz#6802e6264efd18c790a1b0d517f0f2627bf2c94a"
  
  are-we-there-yet@~1.1.2:
    version "1.1.4"
    resolved "https://registry.yarnpkg.com/are-we-there-yet/-/are-we-there-yet-1.1.4.tgz#bb5dca382bb94f05e15194373d16fd3ba1ca110d"
    dependencies:
      delegates "^1.0.0"
      readable-stream "^2.0.6"
  
  argparse@^1.0.7:
    version "1.0.9"
    resolved "https://registry.yarnpkg.com/argparse/-/argparse-1.0.9.tgz#73d83bc263f86e97f8cc4f6bae1b0e90a7d22c86"
    dependencies:
      sprintf-js "~1.0.2"
  
  array-find-index@^1.0.1:
    version "1.0.2"
    resolved "https://registry.yarnpkg.com/array-find-index/-/array-find-index-1.0.2.tgz#df010aa1287e164bbda6f9723b0a96a1ec4187a1"
  
  asap@~2.0.3:
    version "2.0.6"
    resolved "https://registry.yarnpkg.com/asap/-/asap-2.0.6.tgz#e50347611d7e690943208bbdafebcbc2fb866d46"
  
  asn1@~0.2.3:
    version "0.2.3"
    resolved "https://registry.yarnpkg.com/asn1/-/asn1-0.2.3.tgz#dac8787713c9966849fc8180777ebe9c1ddf3b86"
  
  assert-plus@1.0.0, assert-plus@^1.0.0:
    version "1.0.0"
    resolved "https://registry.yarnpkg.com/assert-plus/-/assert-plus-1.0.0.tgz#f12e0f3c5d77b0b1cdd9146942e4e96c1e4dd525"
  
  ast-types@0.9.6:
    version "0.9.6"
    resolved "https://registry.yarnpkg.com/ast-types/-/ast-types-0.9.6.tgz#102c9e9e9005d3e7e3829bf0c4fa24ee862ee9b9"
  
  async-foreach@^0.1.3:
    version "0.1.3"
    resolved "https://registry.yarnpkg.com/async-foreach/-/async-foreach-0.1.3.tgz#36121f845c0578172de419a97dbeb1d16ec34542"
  
  async@^2.1.5:
    version "2.5.0"
    resolved "https://registry.yarnpkg.com/async/-/async-2.5.0.tgz#843190fd6b7357a0b9e1c956edddd5ec8462b54d"
    dependencies:
      lodash "^4.14.0"
  
  asynckit@^0.4.0:
    version "0.4.0"
    resolved "https://registry.yarnpkg.com/asynckit/-/asynckit-0.4.0.tgz#c79ed97f7f34cb8f2ba1bc9790bcc366474b4b79"
  
  autoprefixer@^6.3.1:
    version "6.7.7"
    resolved "https://registry.yarnpkg.com/autoprefixer/-/autoprefixer-6.7.7.tgz#1dbd1c835658e35ce3f9984099db00585c782014"
    dependencies:
      browserslist "^1.7.6"
      caniuse-db "^1.0.30000634"
      normalize-range "^0.1.2"
      num2fraction "^1.2.2"
      postcss "^5.2.16"
      postcss-value-parser "^3.2.3"
  
  aws-sign2@~0.7.0:
    version "0.7.0"
    resolved "https://registry.yarnpkg.com/aws-sign2/-/aws-sign2-0.7.0.tgz#b46e890934a9591f2d2f6f86d7e6a9f1b3fe76a8"
  
  aws4@^1.6.0:
    version "1.6.0"
    resolved "https://registry.yarnpkg.com/aws4/-/aws4-1.6.0.tgz#83ef5ca860b2b32e4a0deedee8c771b9db57471e"
  
  babel-code-frame@^6.11.0, babel-code-frame@^6.26.0:
    version "6.26.0"
    resolved "https://registry.yarnpkg.com/babel-code-frame/-/babel-code-frame-6.26.0.tgz#63fd43f7dc1e3bb7ce35947db8fe369a3f58c74b"
    dependencies:
      chalk "^1.1.3"
      esutils "^2.0.2"
      js-tokens "^3.0.2"
  
  babel-core@^6.26.0:
    version "6.26.0"
    resolved "https://registry.yarnpkg.com/babel-core/-/babel-core-6.26.0.tgz#af32f78b31a6fcef119c87b0fd8d9753f03a0bb8"
    dependencies:
      babel-code-frame "^6.26.0"
      babel-generator "^6.26.0"
      babel-helpers "^6.24.1"
      babel-messages "^6.23.0"
      babel-register "^6.26.0"
      babel-runtime "^6.26.0"
      babel-template "^6.26.0"
      babel-traverse "^6.26.0"
      babel-types "^6.26.0"
      babylon "^6.18.0"
      convert-source-map "^1.5.0"
      debug "^2.6.8"
      json5 "^0.5.1"
      lodash "^4.17.4"
      minimatch "^3.0.4"
      path-is-absolute "^1.0.1"
      private "^0.1.7"
      slash "^1.0.0"
      source-map "^0.5.6"
  
  babel-generator@^6.26.0:
    version "6.26.0"
    resolved "https://registry.yarnpkg.com/babel-generator/-/babel-generator-6.26.0.tgz#ac1ae20070b79f6e3ca1d3269613053774f20dc5"
    dependencies:
      babel-messages "^6.23.0"
      babel-runtime "^6.26.0"
      babel-types "^6.26.0"
      detect-indent "^4.0.0"
      jsesc "^1.3.0"
      lodash "^4.17.4"
      source-map "^0.5.6"
      trim-right "^1.0.1"
  
  babel-helper-builder-react-jsx@^6.24.1:
    version "6.26.0"
    resolved "https://registry.yarnpkg.com/babel-helper-builder-react-jsx/-/babel-helper-builder-react-jsx-6.26.0.tgz#39ff8313b75c8b65dceff1f31d383e0ff2a408a0"
    dependencies:
      babel-runtime "^6.26.0"
      babel-types "^6.26.0"
      esutils "^2.0.2"
  
  babel-helper-function-name@^6.24.1:
    version "6.24.1"
    resolved "https://registry.yarnpkg.com/babel-helper-function-name/-/babel-helper-function-name-6.24.1.tgz#d3475b8c03ed98242a25b48351ab18399d3580a9"
    dependencies:
      babel-helper-get-function-arity "^6.24.1"
      babel-runtime "^6.22.0"
      babel-template "^6.24.1"
      babel-traverse "^6.24.1"
      babel-types "^6.24.1"
  
  babel-helper-get-function-arity@^6.24.1:
    version "6.24.1"
    resolved "https://registry.yarnpkg.com/babel-helper-get-function-arity/-/babel-helper-get-function-arity-6.24.1.tgz#8f7782aa93407c41d3aa50908f89b031b1b6853d"
    dependencies:
      babel-runtime "^6.22.0"
      babel-types "^6.24.1"
  
  babel-helper-remap-async-to-generator@^6.24.1:
    version "6.24.1"
    resolved "https://registry.yarnpkg.com/babel-helper-remap-async-to-generator/-/babel-helper-remap-async-to-generator-6.24.1.tgz#5ec581827ad723fecdd381f1c928390676e4551b"
    dependencies:
      babel-helper-function-name "^6.24.1"
      babel-runtime "^6.22.0"
      babel-template "^6.24.1"
      babel-traverse "^6.24.1"
      babel-types "^6.24.1"
  
  babel-helpers@^6.24.1:
    version "6.24.1"
    resolved "https://registry.yarnpkg.com/babel-helpers/-/babel-helpers-6.24.1.tgz#3471de9caec388e5c850e597e58a26ddf37602b2"
    dependencies:
      babel-runtime "^6.22.0"
      babel-template "^6.24.1"
  
  babel-loader@^7.1.2:
    version "7.1.2"
    resolved "https://registry.yarnpkg.com/babel-loader/-/babel-loader-7.1.2.tgz#f6cbe122710f1aa2af4d881c6d5b54358ca24126"
    dependencies:
      find-cache-dir "^1.0.0"
      loader-utils "^1.0.2"
      mkdirp "^0.5.1"
  
  babel-messages@^6.23.0:
    version "6.23.0"
    resolved "https://registry.yarnpkg.com/babel-messages/-/babel-messages-6.23.0.tgz#f3cdf4703858035b2a2951c6ec5edf6c62f2630e"
    dependencies:
      babel-runtime "^6.22.0"
  
  babel-plugin-syntax-async-functions@^6.8.0:
    version "6.13.0"
    resolved "https://registry.yarnpkg.com/babel-plugin-syntax-async-functions/-/babel-plugin-syntax-async-functions-6.13.0.tgz#cad9cad1191b5ad634bf30ae0872391e0647be95"
  
  babel-plugin-syntax-flow@^6.18.0:
    version "6.18.0"
    resolved "https://registry.yarnpkg.com/babel-plugin-syntax-flow/-/babel-plugin-syntax-flow-6.18.0.tgz#4c3ab20a2af26aa20cd25995c398c4eb70310c8d"
  
  babel-plugin-syntax-jsx@^6.3.13, babel-plugin-syntax-jsx@^6.8.0:
    version "6.18.0"
    resolved "https://registry.yarnpkg.com/babel-plugin-syntax-jsx/-/babel-plugin-syntax-jsx-6.18.0.tgz#0af32a9a6e13ca7a3fd5069e62d7b0f58d0d8946"
  
  babel-plugin-syntax-trailing-function-commas@^6.22.0:
    version "6.22.0"
    resolved "https://registry.yarnpkg.com/babel-plugin-syntax-trailing-function-commas/-/babel-plugin-syntax-trailing-function-commas-6.22.0.tgz#ba0360937f8d06e40180a43fe0d5616fff532cf3"
  
  babel-plugin-transform-async-to-generator@^6.24.1:
    version "6.24.1"
    resolved "https://registry.yarnpkg.com/babel-plugin-transform-async-to-generator/-/babel-plugin-transform-async-to-generator-6.24.1.tgz#6536e378aff6cb1d5517ac0e40eb3e9fc8d08761"
    dependencies:
      babel-helper-remap-async-to-generator "^6.24.1"
      babel-plugin-syntax-async-functions "^6.8.0"
      babel-runtime "^6.22.0"
  
  babel-plugin-transform-flow-strip-types@^6.22.0:
    version "6.22.0"
    resolved "https://registry.yarnpkg.com/babel-plugin-transform-flow-strip-types/-/babel-plugin-transform-flow-strip-types-6.22.0.tgz#84cb672935d43714fdc32bce84568d87441cf7cf"
    dependencies:
      babel-plugin-syntax-flow "^6.18.0"
      babel-runtime "^6.22.0"
  
  babel-plugin-transform-react-display-name@^6.23.0:
    version "6.25.0"
    resolved "https://registry.yarnpkg.com/babel-plugin-transform-react-display-name/-/babel-plugin-transform-react-display-name-6.25.0.tgz#67e2bf1f1e9c93ab08db96792e05392bf2cc28d1"
    dependencies:
      babel-runtime "^6.22.0"
  
  babel-plugin-transform-react-jsx-self@^6.22.0:
    version "6.22.0"
    resolved "https://registry.yarnpkg.com/babel-plugin-transform-react-jsx-self/-/babel-plugin-transform-react-jsx-self-6.22.0.tgz#df6d80a9da2612a121e6ddd7558bcbecf06e636e"
    dependencies:
      babel-plugin-syntax-jsx "^6.8.0"
      babel-runtime "^6.22.0"
  
  babel-plugin-transform-react-jsx-source@^6.22.0:
    version "6.22.0"
    resolved "https://registry.yarnpkg.com/babel-plugin-transform-react-jsx-source/-/babel-plugin-transform-react-jsx-source-6.22.0.tgz#66ac12153f5cd2d17b3c19268f4bf0197f44ecd6"
    dependencies:
      babel-plugin-syntax-jsx "^6.8.0"
      babel-runtime "^6.22.0"
  
  babel-plugin-transform-react-jsx@^6.24.1:
    version "6.24.1"
    resolved "https://registry.yarnpkg.com/babel-plugin-transform-react-jsx/-/babel-plugin-transform-react-jsx-6.24.1.tgz#840a028e7df460dfc3a2d29f0c0d91f6376e66a3"
    dependencies:
      babel-helper-builder-react-jsx "^6.24.1"
      babel-plugin-syntax-jsx "^6.8.0"
      babel-runtime "^6.22.0"
  
  babel-preset-es2017@^6.24.1:
    version "6.24.1"
    resolved "https://registry.yarnpkg.com/babel-preset-es2017/-/babel-preset-es2017-6.24.1.tgz#597beadfb9f7f208bcfd8a12e9b2b29b8b2f14d1"
    dependencies:
      babel-plugin-syntax-trailing-function-commas "^6.22.0"
      babel-plugin-transform-async-to-generator "^6.24.1"
  
  babel-preset-flow@^6.23.0:
    version "6.23.0"
    resolved "https://registry.yarnpkg.com/babel-preset-flow/-/babel-preset-flow-6.23.0.tgz#e71218887085ae9a24b5be4169affb599816c49d"
    dependencies:
      babel-plugin-transform-flow-strip-types "^6.22.0"
  
  babel-preset-react@^6.24.1:
    version "6.24.1"
    resolved "https://registry.yarnpkg.com/babel-preset-react/-/babel-preset-react-6.24.1.tgz#ba69dfaea45fc3ec639b6a4ecea6e17702c91380"
    dependencies:
      babel-plugin-syntax-jsx "^6.3.13"
      babel-plugin-transform-react-display-name "^6.23.0"
      babel-plugin-transform-react-jsx "^6.24.1"
      babel-plugin-transform-react-jsx-self "^6.22.0"
      babel-plugin-transform-react-jsx-source "^6.22.0"
      babel-preset-flow "^6.23.0"
  
  babel-register@^6.26.0:
    version "6.26.0"
    resolved "https://registry.yarnpkg.com/babel-register/-/babel-register-6.26.0.tgz#6ed021173e2fcb486d7acb45c6009a856f647071"
    dependencies:
      babel-core "^6.26.0"
      babel-runtime "^6.26.0"
      core-js "^2.5.0"
      home-or-tmp "^2.0.0"
      lodash "^4.17.4"
      mkdirp "^0.5.1"
      source-map-support "^0.4.15"
  
  babel-runtime@^6.22.0, babel-runtime@^6.26.0:
    version "6.26.0"
    resolved "https://registry.yarnpkg.com/babel-runtime/-/babel-runtime-6.26.0.tgz#965c7058668e82b55d7bfe04ff2337bc8b5647fe"
    dependencies:
      core-js "^2.4.0"
      regenerator-runtime "^0.11.0"
  
  babel-template@^6.24.1, babel-template@^6.26.0:
    version "6.26.0"
    resolved "https://registry.yarnpkg.com/babel-template/-/babel-template-6.26.0.tgz#de03e2d16396b069f46dd9fff8521fb1a0e35e02"
    dependencies:
      babel-runtime "^6.26.0"
      babel-traverse "^6.26.0"
      babel-types "^6.26.0"
      babylon "^6.18.0"
      lodash "^4.17.4"
  
  babel-traverse@^6.24.1, babel-traverse@^6.26.0:
    version "6.26.0"
    resolved "https://registry.yarnpkg.com/babel-traverse/-/babel-traverse-6.26.0.tgz#46a9cbd7edcc62c8e5c064e2d2d8d0f4035766ee"
    dependencies:
      babel-code-frame "^6.26.0"
      babel-messages "^6.23.0"
      babel-runtime "^6.26.0"
      babel-types "^6.26.0"
      babylon "^6.18.0"
      debug "^2.6.8"
      globals "^9.18.0"
      invariant "^2.2.2"
      lodash "^4.17.4"
  
  babel-types@^6.24.1, babel-types@^6.26.0:
    version "6.26.0"
    resolved "https://registry.yarnpkg.com/babel-types/-/babel-types-6.26.0.tgz#a3b073f94ab49eb6fa55cd65227a334380632497"
    dependencies:
      babel-runtime "^6.26.0"
      esutils "^2.0.2"
      lodash "^4.17.4"
      to-fast-properties "^1.0.3"
  
  babylon@^6.18.0:
    version "6.18.0"
    resolved "https://registry.yarnpkg.com/babylon/-/babylon-6.18.0.tgz#af2f3b88fa6f5c1e4c634d1a0f8eac4f55b395e3"
  
  balanced-match@^0.4.2:
    version "0.4.2"
    resolved "https://registry.yarnpkg.com/balanced-match/-/balanced-match-0.4.2.tgz#cb3f3e3c732dc0f01ee70b403f302e61d7709838"
  
  balanced-match@^1.0.0:
    version "1.0.0"
    resolved "https://registry.yarnpkg.com/balanced-match/-/balanced-match-1.0.0.tgz#89b4d199ab2bee49de164ea02b89ce462d71b767"
  
  base62@0.1.1:
    version "0.1.1"
    resolved "https://registry.yarnpkg.com/base62/-/base62-0.1.1.tgz#7b4174c2f94449753b11c2651c083da841a7b084"
  
  base62@^1.1.0:
    version "1.2.0"
    resolved "https://registry.yarnpkg.com/base62/-/base62-1.2.0.tgz#31e7e560dc846c9f44c1a531df6514da35474157"
  
  bcrypt-pbkdf@^1.0.0:
    version "1.0.1"
    resolved "https://registry.yarnpkg.com/bcrypt-pbkdf/-/bcrypt-pbkdf-1.0.1.tgz#63bc5dcb61331b92bc05fd528953c33462a06f8d"
    dependencies:
      tweetnacl "^0.14.3"
  
  big.js@^3.1.3:
    version "3.2.0"
    resolved "https://registry.yarnpkg.com/big.js/-/big.js-3.2.0.tgz#a5fc298b81b9e0dca2e458824784b65c52ba588e"
  
  block-stream@*:
    version "0.0.9"
    resolved "https://registry.yarnpkg.com/block-stream/-/block-stream-0.0.9.tgz#13ebfe778a03205cfe03751481ebb4b3300c126a"
    dependencies:
      inherits "~2.0.0"
  
  bluebird@^3.5.1:
    version "3.5.1"
    resolved "https://registry.yarnpkg.com/bluebird/-/bluebird-3.5.1.tgz#d9551f9de98f1fcda1e683d17ee91a0602ee2eb9"
  
  boom@4.x.x:
    version "4.3.1"
    resolved "https://registry.yarnpkg.com/boom/-/boom-4.3.1.tgz#4f8a3005cb4a7e3889f749030fd25b96e01d2e31"
    dependencies:
      hoek "4.x.x"
  
  boom@5.x.x:
    version "5.2.0"
    resolved "https://registry.yarnpkg.com/boom/-/boom-5.2.0.tgz#5dd9da6ee3a5f302077436290cb717d3f4a54e02"
    dependencies:
      hoek "4.x.x"
  
  brace-expansion@^1.1.7:
    version "1.1.8"
    resolved "https://registry.yarnpkg.com/brace-expansion/-/brace-expansion-1.1.8.tgz#c07b211c7c952ec1f8efd51a77ef0d1d3990a292"
    dependencies:
      balanced-match "^1.0.0"
      concat-map "0.0.1"
  
  browserslist@^1.3.6, browserslist@^1.5.2, browserslist@^1.7.6:
    version "1.7.7"
    resolved "https://registry.yarnpkg.com/browserslist/-/browserslist-1.7.7.tgz#0bd76704258be829b2398bb50e4b62d1a166b0b9"
    dependencies:
      caniuse-db "^1.0.30000639"
      electron-to-chromium "^1.2.7"
  
  builtin-modules@^1.0.0:
    version "1.1.1"
    resolved "https://registry.yarnpkg.com/builtin-modules/-/builtin-modules-1.1.1.tgz#270f076c5a72c02f5b65a47df94c5fe3a278892f"
  
  camelcase-keys@^2.0.0:
    version "2.1.0"
    resolved "https://registry.yarnpkg.com/camelcase-keys/-/camelcase-keys-2.1.0.tgz#308beeaffdf28119051efa1d932213c91b8f92e7"
    dependencies:
      camelcase "^2.0.0"
      map-obj "^1.0.0"
  
  camelcase@^2.0.0:
    version "2.1.1"
    resolved "https://registry.yarnpkg.com/camelcase/-/camelcase-2.1.1.tgz#7c1d16d679a1bbe59ca02cacecfb011e201f5a1f"
  
  camelcase@^3.0.0:
    version "3.0.0"
    resolved "https://registry.yarnpkg.com/camelcase/-/camelcase-3.0.0.tgz#32fc4b9fcdaf845fcdf7e73bb97cac2261f0ab0a"
  
  caniuse-api@^1.5.2:
    version "1.6.1"
    resolved "https://registry.yarnpkg.com/caniuse-api/-/caniuse-api-1.6.1.tgz#b534e7c734c4f81ec5fbe8aca2ad24354b962c6c"
    dependencies:
      browserslist "^1.3.6"
      caniuse-db "^1.0.30000529"
      lodash.memoize "^4.1.2"
      lodash.uniq "^4.5.0"
  
  caniuse-db@^1.0.30000529, caniuse-db@^1.0.30000634, caniuse-db@^1.0.30000639:
    version "1.0.30000748"
    resolved "https://registry.yarnpkg.com/caniuse-db/-/caniuse-db-1.0.30000748.tgz#785d9edfcd645bf795c6ff3ced33c45d580c48a0"
  
  caseless@~0.12.0:
    version "0.12.0"
    resolved "https://registry.yarnpkg.com/caseless/-/caseless-0.12.0.tgz#1b681c21ff84033c826543090689420d187151dc"
  
  chalk@^1.1.1, chalk@^1.1.3:
    version "1.1.3"
    resolved "https://registry.yarnpkg.com/chalk/-/chalk-1.1.3.tgz#a8115c55e4a702fe4d150abd3872822a7e09fc98"
    dependencies:
      ansi-styles "^2.2.1"
      escape-string-regexp "^1.0.2"
      has-ansi "^2.0.0"
      strip-ansi "^3.0.0"
      supports-color "^2.0.0"
  
  chalk@^2.1.0, chalk@^2.2.0:
    version "2.2.0"
    resolved "https://registry.yarnpkg.com/chalk/-/chalk-2.2.0.tgz#477b3bf2f9b8fd5ca9e429747e37f724ee7af240"
    dependencies:
      ansi-styles "^3.1.0"
      escape-string-regexp "^1.0.5"
      supports-color "^4.0.0"
  
  clap@^1.0.9:
    version "1.2.3"
    resolved "https://registry.yarnpkg.com/clap/-/clap-1.2.3.tgz#4f36745b32008492557f46412d66d50cb99bce51"
    dependencies:
      chalk "^1.1.3"
  
  clean-webpack-plugin@^0.1.17:
    version "0.1.17"
    resolved "https://registry.yarnpkg.com/clean-webpack-plugin/-/clean-webpack-plugin-0.1.17.tgz#71c57242e6d47204d46f809413176e7bed28ec49"
    dependencies:
      rimraf "^2.6.1"
  
  cliui@^3.2.0:
    version "3.2.0"
    resolved "https://registry.yarnpkg.com/cliui/-/cliui-3.2.0.tgz#120601537a916d29940f934da3b48d585a39213d"
    dependencies:
      string-width "^1.0.1"
      strip-ansi "^3.0.1"
      wrap-ansi "^2.0.0"
  
  clone-deep@^0.3.0:
    version "0.3.0"
    resolved "https://registry.yarnpkg.com/clone-deep/-/clone-deep-0.3.0.tgz#348c61ae9cdbe0edfe053d91ff4cc521d790ede8"
    dependencies:
      for-own "^1.0.0"
      is-plain-object "^2.0.1"
      kind-of "^3.2.2"
      shallow-clone "^0.1.2"
  
  clone@^1.0.2:
    version "1.0.2"
    resolved "https://registry.yarnpkg.com/clone/-/clone-1.0.2.tgz#260b7a99ebb1edfe247538175f783243cb19d149"
  
  co@^4.6.0:
    version "4.6.0"
    resolved "https://registry.yarnpkg.com/co/-/co-4.6.0.tgz#6ea6bdf3d853ae54ccb8e47bfa0bf3f9031fb184"
  
  coa@~1.0.1:
    version "1.0.4"
    resolved "https://registry.yarnpkg.com/coa/-/coa-1.0.4.tgz#a9ef153660d6a86a8bdec0289a5c684d217432fd"
    dependencies:
      q "^1.1.2"
  
  code-point-at@^1.0.0:
    version "1.1.0"
    resolved "https://registry.yarnpkg.com/code-point-at/-/code-point-at-1.1.0.tgz#0d070b4d043a5bea33a2f1a40e2edb3d9a4ccf77"
  
  color-convert@^1.3.0, color-convert@^1.9.0:
    version "1.9.0"
    resolved "https://registry.yarnpkg.com/color-convert/-/color-convert-1.9.0.tgz#1accf97dd739b983bf994d56fec8f95853641b7a"
    dependencies:
      color-name "^1.1.1"
  
  color-name@^1.0.0, color-name@^1.1.1:
    version "1.1.3"
    resolved "https://registry.yarnpkg.com/color-name/-/color-name-1.1.3.tgz#a7d0558bd89c42f795dd42328f740831ca53bc25"
  
  color-string@^0.3.0:
    version "0.3.0"
    resolved "https://registry.yarnpkg.com/color-string/-/color-string-0.3.0.tgz#27d46fb67025c5c2fa25993bfbf579e47841b991"
    dependencies:
      color-name "^1.0.0"
  
  color@^0.11.0:
    version "0.11.4"
    resolved "https://registry.yarnpkg.com/color/-/color-0.11.4.tgz#6d7b5c74fb65e841cd48792ad1ed5e07b904d764"
    dependencies:
      clone "^1.0.2"
      color-convert "^1.3.0"
      color-string "^0.3.0"
  
  colormin@^1.0.5:
    version "1.1.2"
    resolved "https://registry.yarnpkg.com/colormin/-/colormin-1.1.2.tgz#ea2f7420a72b96881a38aae59ec124a6f7298133"
    dependencies:
      color "^0.11.0"
      css-color-names "0.0.4"
      has "^1.0.1"
  
  colors@~1.1.2:
    version "1.1.2"
    resolved "https://registry.yarnpkg.com/colors/-/colors-1.1.2.tgz#168a4701756b6a7f51a12ce0c97bfa28c084ed63"
  
  combined-stream@^1.0.5, combined-stream@~1.0.5:
    version "1.0.5"
    resolved "https://registry.yarnpkg.com/combined-stream/-/combined-stream-1.0.5.tgz#938370a57b4a51dea2c77c15d5c5fdf895164009"
    dependencies:
      delayed-stream "~1.0.0"
  
  commander@^2.5.0:
    version "2.11.0"
    resolved "https://registry.yarnpkg.com/commander/-/commander-2.11.0.tgz#157152fd1e7a6c8d98a5b715cf376df928004563"
  
  commondir@^1.0.1:
    version "1.0.1"
    resolved "https://registry.yarnpkg.com/commondir/-/commondir-1.0.1.tgz#ddd800da0c66127393cca5950ea968a3aaf1253b"
  
  commoner@^0.10.1:
    version "0.10.8"
    resolved "https://registry.yarnpkg.com/commoner/-/commoner-0.10.8.tgz#34fc3672cd24393e8bb47e70caa0293811f4f2c5"
    dependencies:
      commander "^2.5.0"
      detective "^4.3.1"
      glob "^5.0.15"
      graceful-fs "^4.1.2"
      iconv-lite "^0.4.5"
      mkdirp "^0.5.0"
      private "^0.1.6"
      q "^1.1.2"
      recast "^0.11.17"
  
  concat-map@0.0.1:
    version "0.0.1"
    resolved "https://registry.yarnpkg.com/concat-map/-/concat-map-0.0.1.tgz#d8a96bd77fd68df7793a73036a3ba0d5405d477b"
  
  console-control-strings@^1.0.0, console-control-strings@~1.1.0:
    version "1.1.0"
    resolved "https://registry.yarnpkg.com/console-control-strings/-/console-control-strings-1.1.0.tgz#3d7cf4464db6446ea644bf4b39507f9851008e8e"
  
  convert-source-map@^1.5.0:
    version "1.5.0"
    resolved "https://registry.yarnpkg.com/convert-source-map/-/convert-source-map-1.5.0.tgz#9acd70851c6d5dfdd93d9282e5edf94a03ff46b5"
  
  copy-webpack-plugin@^4.2.0:
    version "4.2.0"
    resolved "https://registry.yarnpkg.com/copy-webpack-plugin/-/copy-webpack-plugin-4.2.0.tgz#252bb94597f96399d23d7fad355f8d3a661ac096"
    dependencies:
      bluebird "^3.5.1"
      fs-extra "^4.0.2"
      glob "^7.1.2"
      is-glob "^4.0.0"
      loader-utils "^0.2.15"
      lodash "^4.3.0"
      minimatch "^3.0.4"
      node-dir "^0.1.10"
  
  core-js@^1.0.0:
    version "1.2.7"
    resolved "https://registry.yarnpkg.com/core-js/-/core-js-1.2.7.tgz#652294c14651db28fa93bd2d5ff2983a4f08c636"
  
  core-js@^2.4.0, core-js@^2.5.0:
    version "2.5.1"
    resolved "https://registry.yarnpkg.com/core-js/-/core-js-2.5.1.tgz#ae6874dc66937789b80754ff5428df66819ca50b"
  
  core-util-is@1.0.2, core-util-is@~1.0.0:
    version "1.0.2"
    resolved "https://registry.yarnpkg.com/core-util-is/-/core-util-is-1.0.2.tgz#b5fd54220aa2bc5ab57aab7140c940754503c1a7"
  
  cross-spawn@^3.0.0:
    version "3.0.1"
    resolved "https://registry.yarnpkg.com/cross-spawn/-/cross-spawn-3.0.1.tgz#1256037ecb9f0c5f79e3d6ef135e30770184b982"
    dependencies:
      lru-cache "^4.0.1"
      which "^1.2.9"
  
  cryptiles@3.x.x:
    version "3.1.2"
    resolved "https://registry.yarnpkg.com/cryptiles/-/cryptiles-3.1.2.tgz#a89fbb220f5ce25ec56e8c4aa8a4fd7b5b0d29fe"
    dependencies:
      boom "5.x.x"
  
  css-color-names@0.0.4:
    version "0.0.4"
    resolved "https://registry.yarnpkg.com/css-color-names/-/css-color-names-0.0.4.tgz#808adc2e79cf84738069b646cb20ec27beb629e0"
  
  css-loader@^0.28.7:
    version "0.28.7"
    resolved "https://registry.yarnpkg.com/css-loader/-/css-loader-0.28.7.tgz#5f2ee989dd32edd907717f953317656160999c1b"
    dependencies:
      babel-code-frame "^6.11.0"
      css-selector-tokenizer "^0.7.0"
      cssnano ">=2.6.1 <4"
      icss-utils "^2.1.0"
      loader-utils "^1.0.2"
      lodash.camelcase "^4.3.0"
      object-assign "^4.0.1"
      postcss "^5.0.6"
      postcss-modules-extract-imports "^1.0.0"
      postcss-modules-local-by-default "^1.0.1"
      postcss-modules-scope "^1.0.0"
      postcss-modules-values "^1.1.0"
      postcss-value-parser "^3.3.0"
      source-list-map "^2.0.0"
  
  css-selector-tokenizer@^0.7.0:
    version "0.7.0"
    resolved "https://registry.yarnpkg.com/css-selector-tokenizer/-/css-selector-tokenizer-0.7.0.tgz#e6988474ae8c953477bf5e7efecfceccd9cf4c86"
    dependencies:
      cssesc "^0.1.0"
      fastparse "^1.1.1"
      regexpu-core "^1.0.0"
  
  cssesc@^0.1.0:
    version "0.1.0"
    resolved "https://registry.yarnpkg.com/cssesc/-/cssesc-0.1.0.tgz#c814903e45623371a0477b40109aaafbeeaddbb4"
  
  "cssnano@>=2.6.1 <4":
    version "3.10.0"
    resolved "https://registry.yarnpkg.com/cssnano/-/cssnano-3.10.0.tgz#4f38f6cea2b9b17fa01490f23f1dc68ea65c1c38"
    dependencies:
      autoprefixer "^6.3.1"
      decamelize "^1.1.2"
      defined "^1.0.0"
      has "^1.0.1"
      object-assign "^4.0.1"
      postcss "^5.0.14"
      postcss-calc "^5.2.0"
      postcss-colormin "^2.1.8"
      postcss-convert-values "^2.3.4"
      postcss-discard-comments "^2.0.4"
      postcss-discard-duplicates "^2.0.1"
      postcss-discard-empty "^2.0.1"
      postcss-discard-overridden "^0.1.1"
      postcss-discard-unused "^2.2.1"
      postcss-filter-plugins "^2.0.0"
      postcss-merge-idents "^2.1.5"
      postcss-merge-longhand "^2.0.1"
      postcss-merge-rules "^2.0.3"
      postcss-minify-font-values "^1.0.2"
      postcss-minify-gradients "^1.0.1"
      postcss-minify-params "^1.0.4"
      postcss-minify-selectors "^2.0.4"
      postcss-normalize-charset "^1.1.0"
      postcss-normalize-url "^3.0.7"
      postcss-ordered-values "^2.1.0"
      postcss-reduce-idents "^2.2.2"
      postcss-reduce-initial "^1.0.0"
      postcss-reduce-transforms "^1.0.3"
      postcss-svgo "^2.1.1"
      postcss-unique-selectors "^2.0.2"
      postcss-value-parser "^3.2.3"
      postcss-zindex "^2.0.1"
  
  csso@~2.3.1:
    version "2.3.2"
    resolved "https://registry.yarnpkg.com/csso/-/csso-2.3.2.tgz#ddd52c587033f49e94b71fc55569f252e8ff5f85"
    dependencies:
      clap "^1.0.9"
      source-map "^0.5.3"
  
  currently-unhandled@^0.4.1:
    version "0.4.1"
    resolved "https://registry.yarnpkg.com/currently-unhandled/-/currently-unhandled-0.4.1.tgz#988df33feab191ef799a61369dd76c17adf957ea"
    dependencies:
      array-find-index "^1.0.1"
  
  dashdash@^1.12.0:
    version "1.14.1"
    resolved "https://registry.yarnpkg.com/dashdash/-/dashdash-1.14.1.tgz#853cfa0f7cbe2fed5de20326b8dd581035f6e2f0"
    dependencies:
      assert-plus "^1.0.0"
  
  debug@^2.6.8:
    version "2.6.9"
    resolved "https://registry.yarnpkg.com/debug/-/debug-2.6.9.tgz#5d128515df134ff327e90a4c93f4e077a536341f"
    dependencies:
      ms "2.0.0"
  
  decamelize@^1.1.1, decamelize@^1.1.2:
    version "1.2.0"
    resolved "https://registry.yarnpkg.com/decamelize/-/decamelize-1.2.0.tgz#f6534d15148269b20352e7bee26f501f9a191290"
  
  defined@^1.0.0:
    version "1.0.0"
    resolved "https://registry.yarnpkg.com/defined/-/defined-1.0.0.tgz#c98d9bcef75674188e110969151199e39b1fa693"
  
  delayed-stream@~1.0.0:
    version "1.0.0"
    resolved "https://registry.yarnpkg.com/delayed-stream/-/delayed-stream-1.0.0.tgz#df3ae199acadfb7d440aaae0b29e2272b24ec619"
  
  delegates@^1.0.0:
    version "1.0.0"
    resolved "https://registry.yarnpkg.com/delegates/-/delegates-1.0.0.tgz#84c6e159b81904fdca59a0ef44cd870d31250f9a"
  
  detect-indent@^4.0.0:
    version "4.0.0"
    resolved "https://registry.yarnpkg.com/detect-indent/-/detect-indent-4.0.0.tgz#f76d064352cdf43a1cb6ce619c4ee3a9475de208"
    dependencies:
      repeating "^2.0.0"
  
  detective@^4.3.1:
    version "4.5.0"
    resolved "https://registry.yarnpkg.com/detective/-/detective-4.5.0.tgz#6e5a8c6b26e6c7a254b1c6b6d7490d98ec91edd1"
    dependencies:
      acorn "^4.0.3"
      defined "^1.0.0"
  
  ecc-jsbn@~0.1.1:
    version "0.1.1"
    resolved "https://registry.yarnpkg.com/ecc-jsbn/-/ecc-jsbn-0.1.1.tgz#0fc73a9ed5f0d53c38193398523ef7e543777505"
    dependencies:
      jsbn "~0.1.0"
  
  electron-to-chromium@^1.2.7:
    version "1.3.27"
    resolved "https://registry.yarnpkg.com/electron-to-chromium/-/electron-to-chromium-1.3.27.tgz#78ecb8a399066187bb374eede35d9c70565a803d"
  
  emojis-list@^2.0.0:
    version "2.1.0"
    resolved "https://registry.yarnpkg.com/emojis-list/-/emojis-list-2.1.0.tgz#4daa4d9db00f9819880c79fa457ae5b09a1fd389"
  
  encoding@^0.1.11:
    version "0.1.12"
    resolved "https://registry.yarnpkg.com/encoding/-/encoding-0.1.12.tgz#538b66f3ee62cd1ab51ec323829d1f9480c74beb"
    dependencies:
      iconv-lite "~0.4.13"
  
  enhanced-resolve@^3.0.0:
    version "3.4.1"
    resolved "https://registry.yarnpkg.com/enhanced-resolve/-/enhanced-resolve-3.4.1.tgz#0421e339fd71419b3da13d129b3979040230476e"
    dependencies:
      graceful-fs "^4.1.2"
      memory-fs "^0.4.0"
      object-assign "^4.0.1"
      tapable "^0.2.7"
  
  errno@^0.1.3:
    version "0.1.4"
    resolved "https://registry.yarnpkg.com/errno/-/errno-0.1.4.tgz#b896e23a9e5e8ba33871fc996abd3635fc9a1c7d"
    dependencies:
      prr "~0.0.0"
  
  error-ex@^1.2.0:
    version "1.3.1"
    resolved "https://registry.yarnpkg.com/error-ex/-/error-ex-1.3.1.tgz#f855a86ce61adc4e8621c3cda21e7a7612c3a8dc"
    dependencies:
      is-arrayish "^0.2.1"
  
  escape-string-regexp@^1.0.2, escape-string-regexp@^1.0.5:
    version "1.0.5"
    resolved "https://registry.yarnpkg.com/escape-string-regexp/-/escape-string-regexp-1.0.5.tgz#1b61c0562190a8dff6ae3bb2cf0200ca130b86d4"
  
  esprima-fb@13001.1001.0-dev-harmony-fb:
    version "13001.1001.0-dev-harmony-fb"
    resolved "https://registry.yarnpkg.com/esprima-fb/-/esprima-fb-13001.1001.0-dev-harmony-fb.tgz#633acdb40d9bd4db8a1c1d68c06a942959fad2b0"
  
  esprima-fb@^15001.1.0-dev-harmony-fb:
    version "15001.1.0-dev-harmony-fb"
    resolved "https://registry.yarnpkg.com/esprima-fb/-/esprima-fb-15001.1.0-dev-harmony-fb.tgz#30a947303c6b8d5e955bee2b99b1d233206a6901"
  
  esprima-fb@^15001.1001.0-dev-harmony-fb:
    version "15001.1001.0-dev-harmony-fb"
    resolved "https://registry.yarnpkg.com/esprima-fb/-/esprima-fb-15001.1001.0-dev-harmony-fb.tgz#43beb57ec26e8cf237d3dd8b33e42533577f2659"
  
  esprima-fb@~4001.1.0-dev-harmony-fb:
    version "4001.1.0-dev-harmony-fb"
    resolved "https://registry.yarnpkg.com/esprima-fb/-/esprima-fb-4001.1.0-dev-harmony-fb.tgz#b4133725b02f4c109cf41e799c175baa26d36065"
  
  esprima@^2.6.0:
    version "2.7.3"
    resolved "https://registry.yarnpkg.com/esprima/-/esprima-2.7.3.tgz#96e3b70d5779f6ad49cd032673d1c312767ba581"
  
  esprima@~3.1.0:
    version "3.1.3"
    resolved "https://registry.yarnpkg.com/esprima/-/esprima-3.1.3.tgz#fdca51cee6133895e3c88d535ce49dbff62a4633"
  
  esutils@^2.0.2:
    version "2.0.2"
    resolved "https://registry.yarnpkg.com/esutils/-/esutils-2.0.2.tgz#0abf4f1caa5bcb1f7a9d8acc6dea4faaa04bac9b"
  
  extend@~3.0.1:
    version "3.0.1"
    resolved "https://registry.yarnpkg.com/extend/-/extend-3.0.1.tgz#a755ea7bc1adfcc5a31ce7e762dbaadc5e636444"
  
  extsprintf@1.3.0, extsprintf@^1.2.0:
    version "1.3.0"
    resolved "https://registry.yarnpkg.com/extsprintf/-/extsprintf-1.3.0.tgz#96918440e3041a7a414f8c52e3c574eb3c3e1e05"
  
  fast-deep-equal@^1.0.0:
    version "1.0.0"
    resolved "https://registry.yarnpkg.com/fast-deep-equal/-/fast-deep-equal-1.0.0.tgz#96256a3bc975595eb36d82e9929d060d893439ff"
  
  fastparse@^1.1.1:
    version "1.1.1"
    resolved "https://registry.yarnpkg.com/fastparse/-/fastparse-1.1.1.tgz#d1e2643b38a94d7583b479060e6c4affc94071f8"
  
  fbjs@^0.8.16:
    version "0.8.16"
    resolved "https://registry.yarnpkg.com/fbjs/-/fbjs-0.8.16.tgz#5e67432f550dc41b572bf55847b8aca64e5337db"
    dependencies:
      core-js "^1.0.0"
      isomorphic-fetch "^2.1.1"
      loose-envify "^1.0.0"
      object-assign "^4.1.0"
      promise "^7.1.1"
      setimmediate "^1.0.5"
      ua-parser-js "^0.7.9"
  
  find-cache-dir@^1.0.0:
    version "1.0.0"
    resolved "https://registry.yarnpkg.com/find-cache-dir/-/find-cache-dir-1.0.0.tgz#9288e3e9e3cc3748717d39eade17cf71fc30ee6f"
    dependencies:
      commondir "^1.0.1"
      make-dir "^1.0.0"
      pkg-dir "^2.0.0"
  
  find-up@^1.0.0:
    version "1.1.2"
    resolved "https://registry.yarnpkg.com/find-up/-/find-up-1.1.2.tgz#6b2e9822b1a2ce0a60ab64d610eccad53cb24d0f"
    dependencies:
      path-exists "^2.0.0"
      pinkie-promise "^2.0.0"
  
  find-up@^2.1.0:
    version "2.1.0"
    resolved "https://registry.yarnpkg.com/find-up/-/find-up-2.1.0.tgz#45d1b7e506c717ddd482775a2b77920a3c0c57a7"
    dependencies:
      locate-path "^2.0.0"
  
  flatten@^1.0.2:
    version "1.0.2"
    resolved "https://registry.yarnpkg.com/flatten/-/flatten-1.0.2.tgz#dae46a9d78fbe25292258cc1e780a41d95c03782"
  
  for-in@^0.1.3:
    version "0.1.8"
    resolved "https://registry.yarnpkg.com/for-in/-/for-in-0.1.8.tgz#d8773908e31256109952b1fdb9b3fa867d2775e1"
  
  for-in@^1.0.1:
    version "1.0.2"
    resolved "https://registry.yarnpkg.com/for-in/-/for-in-1.0.2.tgz#81068d295a8142ec0ac726c6e2200c30fb6d5e80"
  
  for-own@^1.0.0:
    version "1.0.0"
    resolved "https://registry.yarnpkg.com/for-own/-/for-own-1.0.0.tgz#c63332f415cedc4b04dbfe70cf836494c53cb44b"
    dependencies:
      for-in "^1.0.1"
  
  forever-agent@~0.6.1:
    version "0.6.1"
    resolved "https://registry.yarnpkg.com/forever-agent/-/forever-agent-0.6.1.tgz#fbc71f0c41adeb37f96c577ad1ed42d8fdacca91"
  
  form-data@~2.3.1:
    version "2.3.1"
    resolved "https://registry.yarnpkg.com/form-data/-/form-data-2.3.1.tgz#6fb94fbd71885306d73d15cc497fe4cc4ecd44bf"
    dependencies:
      asynckit "^0.4.0"
      combined-stream "^1.0.5"
      mime-types "^2.1.12"
  
  fs-extra@^4.0.2:
    version "4.0.2"
    resolved "https://registry.yarnpkg.com/fs-extra/-/fs-extra-4.0.2.tgz#f91704c53d1b461f893452b0c307d9997647ab6b"
    dependencies:
      graceful-fs "^4.1.2"
      jsonfile "^4.0.0"
      universalify "^0.1.0"
  
  fs.realpath@^1.0.0:
    version "1.0.0"
    resolved "https://registry.yarnpkg.com/fs.realpath/-/fs.realpath-1.0.0.tgz#1504ad2523158caa40db4a2787cb01411994ea4f"
  
  fstream@^1.0.0, fstream@^1.0.2:
    version "1.0.11"
    resolved "https://registry.yarnpkg.com/fstream/-/fstream-1.0.11.tgz#5c1fb1f117477114f0632a0eb4b71b3cb0fd3171"
    dependencies:
      graceful-fs "^4.1.2"
      inherits "~2.0.0"
      mkdirp ">=0.5 0"
      rimraf "2"
  
  function-bind@^1.0.2:
    version "1.1.1"
    resolved "https://registry.yarnpkg.com/function-bind/-/function-bind-1.1.1.tgz#a56899d3ea3c9bab874bb9773b7c5ede92f4895d"
  
  gauge@~2.7.3:
    version "2.7.4"
    resolved "https://registry.yarnpkg.com/gauge/-/gauge-2.7.4.tgz#2c03405c7538c39d7eb37b317022e325fb018bf7"
    dependencies:
      aproba "^1.0.3"
      console-control-strings "^1.0.0"
      has-unicode "^2.0.0"
      object-assign "^4.1.0"
      signal-exit "^3.0.0"
      string-width "^1.0.1"
      strip-ansi "^3.0.1"
      wide-align "^1.1.0"
  
  gaze@^1.0.0:
    version "1.1.2"
    resolved "https://registry.yarnpkg.com/gaze/-/gaze-1.1.2.tgz#847224677adb8870d679257ed3388fdb61e40105"
    dependencies:
      globule "^1.0.0"
  
  get-caller-file@^1.0.1:
    version "1.0.2"
    resolved "https://registry.yarnpkg.com/get-caller-file/-/get-caller-file-1.0.2.tgz#f702e63127e7e231c160a80c1554acb70d5047e5"
  
  get-stdin@^4.0.1:
    version "4.0.1"
    resolved "https://registry.yarnpkg.com/get-stdin/-/get-stdin-4.0.1.tgz#b968c6b0a04384324902e8bf1a5df32579a450fe"
  
  getpass@^0.1.1:
    version "0.1.7"
    resolved "https://registry.yarnpkg.com/getpass/-/getpass-0.1.7.tgz#5eff8e3e684d569ae4cb2b1282604e8ba62149fa"
    dependencies:
      assert-plus "^1.0.0"
  
  glob@^5.0.15:
    version "5.0.15"
    resolved "https://registry.yarnpkg.com/glob/-/glob-5.0.15.tgz#1bc936b9e02f4a603fcc222ecf7633d30b8b93b1"
    dependencies:
      inflight "^1.0.4"
      inherits "2"
      minimatch "2 || 3"
      once "^1.3.0"
      path-is-absolute "^1.0.0"
  
  glob@^7.0.0, glob@^7.0.3, glob@^7.0.5, glob@^7.1.2, glob@~7.1.1:
    version "7.1.2"
    resolved "https://registry.yarnpkg.com/glob/-/glob-7.1.2.tgz#c19c9df9a028702d678612384a6552404c636d15"
    dependencies:
      fs.realpath "^1.0.0"
      inflight "^1.0.4"
      inherits "2"
      minimatch "^3.0.4"
      once "^1.3.0"
      path-is-absolute "^1.0.0"
  
  globals@^9.18.0:
    version "9.18.0"
    resolved "https://registry.yarnpkg.com/globals/-/globals-9.18.0.tgz#aa3896b3e69b487f17e31ed2143d69a8e30c2d8a"
  
  globule@^1.0.0:
    version "1.2.0"
    resolved "https://registry.yarnpkg.com/globule/-/globule-1.2.0.tgz#1dc49c6822dd9e8a2fa00ba2a295006e8664bd09"
    dependencies:
      glob "~7.1.1"
      lodash "~4.17.4"
      minimatch "~3.0.2"
  
  graceful-fs@^4.1.2, graceful-fs@^4.1.6:
    version "4.1.11"
    resolved "https://registry.yarnpkg.com/graceful-fs/-/graceful-fs-4.1.11.tgz#0e8bdfe4d1ddb8854d64e04ea7c00e2a026e5658"
  
  h@^0.1.0:
    version "0.1.0"
    resolved "https://registry.yarnpkg.com/h/-/h-0.1.0.tgz#24211fe1d9cef2b36cae8ff8255606ea12ecdfb5"
  
  har-schema@^2.0.0:
    version "2.0.0"
    resolved "https://registry.yarnpkg.com/har-schema/-/har-schema-2.0.0.tgz#a94c2224ebcac04782a0d9035521f24735b7ec92"
  
  har-validator@~5.0.3:
    version "5.0.3"
    resolved "https://registry.yarnpkg.com/har-validator/-/har-validator-5.0.3.tgz#ba402c266194f15956ef15e0fcf242993f6a7dfd"
    dependencies:
      ajv "^5.1.0"
      har-schema "^2.0.0"
  
  has-ansi@^2.0.0:
    version "2.0.0"
    resolved "https://registry.yarnpkg.com/has-ansi/-/has-ansi-2.0.0.tgz#34f5049ce1ecdf2b0649af3ef24e45ed35416d91"
    dependencies:
      ansi-regex "^2.0.0"
  
  has-flag@^1.0.0:
    version "1.0.0"
    resolved "https://registry.yarnpkg.com/has-flag/-/has-flag-1.0.0.tgz#9d9e793165ce017a00f00418c43f942a7b1d11fa"
  
  has-flag@^2.0.0:
    version "2.0.0"
    resolved "https://registry.yarnpkg.com/has-flag/-/has-flag-2.0.0.tgz#e8207af1cc7b30d446cc70b734b5e8be18f88d51"
  
  has-unicode@^2.0.0:
    version "2.0.1"
    resolved "https://registry.yarnpkg.com/has-unicode/-/has-unicode-2.0.1.tgz#e0e6fe6a28cf51138855e086d1691e771de2a8b9"
  
  has@^1.0.1:
    version "1.0.1"
    resolved "https://registry.yarnpkg.com/has/-/has-1.0.1.tgz#8461733f538b0837c9361e39a9ab9e9704dc2f28"
    dependencies:
      function-bind "^1.0.2"
  
  hawk@~6.0.2:
    version "6.0.2"
    resolved "https://registry.yarnpkg.com/hawk/-/hawk-6.0.2.tgz#af4d914eb065f9b5ce4d9d11c1cb2126eecc3038"
    dependencies:
      boom "4.x.x"
      cryptiles "3.x.x"
      hoek "4.x.x"
      sntp "2.x.x"
  
  hoek@4.x.x:
    version "4.2.0"
    resolved "https://registry.yarnpkg.com/hoek/-/hoek-4.2.0.tgz#72d9d0754f7fe25ca2d01ad8f8f9a9449a89526d"
  
  home-or-tmp@^2.0.0:
    version "2.0.0"
    resolved "https://registry.yarnpkg.com/home-or-tmp/-/home-or-tmp-2.0.0.tgz#e36c3f2d2cae7d746a857e38d18d5f32a7882db8"
    dependencies:
      os-homedir "^1.0.0"
      os-tmpdir "^1.0.1"
  
  hosted-git-info@^2.1.4:
    version "2.5.0"
    resolved "https://registry.yarnpkg.com/hosted-git-info/-/hosted-git-info-2.5.0.tgz#6d60e34b3abbc8313062c3b798ef8d901a07af3c"
  
  html-comment-regex@^1.1.0:
    version "1.1.1"
    resolved "https://registry.yarnpkg.com/html-comment-regex/-/html-comment-regex-1.1.1.tgz#668b93776eaae55ebde8f3ad464b307a4963625e"
  
  http-signature@~1.2.0:
    version "1.2.0"
    resolved "https://registry.yarnpkg.com/http-signature/-/http-signature-1.2.0.tgz#9aecd925114772f3d95b65a60abb8f7c18fbace1"
    dependencies:
      assert-plus "^1.0.0"
      jsprim "^1.2.2"
      sshpk "^1.7.0"
  
  iconv-lite@^0.4.5, iconv-lite@~0.4.13:
    version "0.4.19"
    resolved "https://registry.yarnpkg.com/iconv-lite/-/iconv-lite-0.4.19.tgz#f7468f60135f5e5dad3399c0a81be9a1603a082b"
  
  icss-replace-symbols@^1.1.0:
    version "1.1.0"
    resolved "https://registry.yarnpkg.com/icss-replace-symbols/-/icss-replace-symbols-1.1.0.tgz#06ea6f83679a7749e386cfe1fe812ae5db223ded"
  
  icss-utils@^2.1.0:
    version "2.1.0"
    resolved "https://registry.yarnpkg.com/icss-utils/-/icss-utils-2.1.0.tgz#83f0a0ec378bf3246178b6c2ad9136f135b1c962"
    dependencies:
      postcss "^6.0.1"
  
  in-publish@^2.0.0:
    version "2.0.0"
    resolved "https://registry.yarnpkg.com/in-publish/-/in-publish-2.0.0.tgz#e20ff5e3a2afc2690320b6dc552682a9c7fadf51"
  
  indent-string@^2.1.0:
    version "2.1.0"
    resolved "https://registry.yarnpkg.com/indent-string/-/indent-string-2.1.0.tgz#8e2d48348742121b4a8218b7a137e9a52049dc80"
    dependencies:
      repeating "^2.0.0"
  
  indexes-of@^1.0.1:
    version "1.0.1"
    resolved "https://registry.yarnpkg.com/indexes-of/-/indexes-of-1.0.1.tgz#f30f716c8e2bd346c7b67d3df3915566a7c05607"
  
  inflight@^1.0.4:
    version "1.0.6"
    resolved "https://registry.yarnpkg.com/inflight/-/inflight-1.0.6.tgz#49bd6331d7d02d0c09bc910a1075ba8165b56df9"
    dependencies:
      once "^1.3.0"
      wrappy "1"
  
  inherits@2, inherits@~2.0.0, inherits@~2.0.3:
    version "2.0.3"
    resolved "https://registry.yarnpkg.com/inherits/-/inherits-2.0.3.tgz#633c2c83e3da42a502f52466022480f4208261de"
  
  invariant@^2.2.2:
    version "2.2.2"
    resolved "https://registry.yarnpkg.com/invariant/-/invariant-2.2.2.tgz#9e1f56ac0acdb6bf303306f338be3b204ae60360"
    dependencies:
      loose-envify "^1.0.0"
  
  invert-kv@^1.0.0:
    version "1.0.0"
    resolved "https://registry.yarnpkg.com/invert-kv/-/invert-kv-1.0.0.tgz#104a8e4aaca6d3d8cd157a8ef8bfab2d7a3ffdb6"
  
  is-absolute-url@^2.0.0:
    version "2.1.0"
    resolved "https://registry.yarnpkg.com/is-absolute-url/-/is-absolute-url-2.1.0.tgz#50530dfb84fcc9aa7dbe7852e83a37b93b9f2aa6"
  
  is-arrayish@^0.2.1:
    version "0.2.1"
    resolved "https://registry.yarnpkg.com/is-arrayish/-/is-arrayish-0.2.1.tgz#77c99840527aa8ecb1a8ba697b80645a7a926a9d"
  
  is-buffer@^1.0.2, is-buffer@^1.1.5:
    version "1.1.5"
    resolved "https://registry.yarnpkg.com/is-buffer/-/is-buffer-1.1.5.tgz#1f3b26ef613b214b88cbca23cc6c01d87961eecc"
  
  is-builtin-module@^1.0.0:
    version "1.0.0"
    resolved "https://registry.yarnpkg.com/is-builtin-module/-/is-builtin-module-1.0.0.tgz#540572d34f7ac3119f8f76c30cbc1b1e037affbe"
    dependencies:
      builtin-modules "^1.0.0"
  
  is-extendable@^0.1.1:
    version "0.1.1"
    resolved "https://registry.yarnpkg.com/is-extendable/-/is-extendable-0.1.1.tgz#62b110e289a471418e3ec36a617d472e301dfc89"
  
  is-extglob@^2.1.1:
    version "2.1.1"
    resolved "https://registry.yarnpkg.com/is-extglob/-/is-extglob-2.1.1.tgz#a88c02535791f02ed37c76a1b9ea9773c833f8c2"
  
  is-finite@^1.0.0:
    version "1.0.2"
    resolved "https://registry.yarnpkg.com/is-finite/-/is-finite-1.0.2.tgz#cc6677695602be550ef11e8b4aa6305342b6d0aa"
    dependencies:
      number-is-nan "^1.0.0"
  
  is-fullwidth-code-point@^1.0.0:
    version "1.0.0"
    resolved "https://registry.yarnpkg.com/is-fullwidth-code-point/-/is-fullwidth-code-point-1.0.0.tgz#ef9e31386f031a7f0d643af82fde50c457ef00cb"
    dependencies:
      number-is-nan "^1.0.0"
  
  is-glob@^4.0.0:
    version "4.0.0"
    resolved "https://registry.yarnpkg.com/is-glob/-/is-glob-4.0.0.tgz#9521c76845cc2610a85203ddf080a958c2ffabc0"
    dependencies:
      is-extglob "^2.1.1"
  
  is-plain-obj@^1.0.0:
    version "1.1.0"
    resolved "https://registry.yarnpkg.com/is-plain-obj/-/is-plain-obj-1.1.0.tgz#71a50c8429dfca773c92a390a4a03b39fcd51d3e"
  
  is-plain-object@^2.0.1:
    version "2.0.4"
    resolved "https://registry.yarnpkg.com/is-plain-object/-/is-plain-object-2.0.4.tgz#2c163b3fafb1b606d9d17928f05c2a1c38e07677"
    dependencies:
      isobject "^3.0.1"
  
  is-stream@^1.0.1:
    version "1.1.0"
    resolved "https://registry.yarnpkg.com/is-stream/-/is-stream-1.1.0.tgz#12d4a3dd4e68e0b79ceb8dbc84173ae80d91ca44"
  
  is-svg@^2.0.0:
    version "2.1.0"
    resolved "https://registry.yarnpkg.com/is-svg/-/is-svg-2.1.0.tgz#cf61090da0d9efbcab8722deba6f032208dbb0e9"
    dependencies:
      html-comment-regex "^1.1.0"
  
  is-typedarray@~1.0.0:
    version "1.0.0"
    resolved "https://registry.yarnpkg.com/is-typedarray/-/is-typedarray-1.0.0.tgz#e479c80858df0c1b11ddda6940f96011fcda4a9a"
  
  is-utf8@^0.2.0:
    version "0.2.1"
    resolved "https://registry.yarnpkg.com/is-utf8/-/is-utf8-0.2.1.tgz#4b0da1442104d1b336340e80797e865cf39f7d72"
  
  isarray@~1.0.0:
    version "1.0.0"
    resolved "https://registry.yarnpkg.com/isarray/-/isarray-1.0.0.tgz#bb935d48582cba168c06834957a54a3e07124f11"
  
  isexe@^2.0.0:
    version "2.0.0"
    resolved "https://registry.yarnpkg.com/isexe/-/isexe-2.0.0.tgz#e8fbf374dc556ff8947a10dcb0572d633f2cfa10"
  
  isobject@^3.0.1:
    version "3.0.1"
    resolved "https://registry.yarnpkg.com/isobject/-/isobject-3.0.1.tgz#4e431e92b11a9731636aa1f9c8d1ccbcfdab78df"
  
  isomorphic-fetch@^2.1.1:
    version "2.2.1"
    resolved "https://registry.yarnpkg.com/isomorphic-fetch/-/isomorphic-fetch-2.2.1.tgz#611ae1acf14f5e81f729507472819fe9733558a9"
    dependencies:
      node-fetch "^1.0.1"
      whatwg-fetch ">=0.10.0"
  
  isstream@~0.1.2:
    version "0.1.2"
    resolved "https://registry.yarnpkg.com/isstream/-/isstream-0.1.2.tgz#47e63f7af55afa6f92e1500e690eb8b8529c099a"
  
  js-base64@^2.1.8, js-base64@^2.1.9:
    version "2.3.2"
    resolved "https://registry.yarnpkg.com/js-base64/-/js-base64-2.3.2.tgz#a79a923666372b580f8e27f51845c6f7e8fbfbaf"
  
  js-tokens@^3.0.0, js-tokens@^3.0.2:
    version "3.0.2"
    resolved "https://registry.yarnpkg.com/js-tokens/-/js-tokens-3.0.2.tgz#9866df395102130e38f7f996bceb65443209c25b"
  
  js-yaml@~3.7.0:
    version "3.7.0"
    resolved "https://registry.yarnpkg.com/js-yaml/-/js-yaml-3.7.0.tgz#5c967ddd837a9bfdca5f2de84253abe8a1c03b80"
    dependencies:
      argparse "^1.0.7"
      esprima "^2.6.0"
  
  jsbn@~0.1.0:
    version "0.1.1"
    resolved "https://registry.yarnpkg.com/jsbn/-/jsbn-0.1.1.tgz#a5e654c2e5a2deb5f201d96cefbca80c0ef2f513"
  
  jsesc@^1.3.0:
    version "1.3.0"
    resolved "https://registry.yarnpkg.com/jsesc/-/jsesc-1.3.0.tgz#46c3fec8c1892b12b0833db9bc7622176dbab34b"
  
  jsesc@~0.5.0:
    version "0.5.0"
    resolved "https://registry.yarnpkg.com/jsesc/-/jsesc-0.5.0.tgz#e7dee66e35d6fc16f710fe91d5cf69f70f08911d"
  
  json-schema-traverse@^0.3.0:
    version "0.3.1"
    resolved "https://registry.yarnpkg.com/json-schema-traverse/-/json-schema-traverse-0.3.1.tgz#349a6d44c53a51de89b40805c5d5e59b417d3340"
  
  json-schema@0.2.3:
    version "0.2.3"
    resolved "https://registry.yarnpkg.com/json-schema/-/json-schema-0.2.3.tgz#b480c892e59a2f05954ce727bd3f2a4e882f9e13"
  
  json-stable-stringify@^1.0.1:
    version "1.0.1"
    resolved "https://registry.yarnpkg.com/json-stable-stringify/-/json-stable-stringify-1.0.1.tgz#9a759d39c5f2ff503fd5300646ed445f88c4f9af"
    dependencies:
      jsonify "~0.0.0"
  
  json-stringify-safe@~5.0.1:
    version "5.0.1"
    resolved "https://registry.yarnpkg.com/json-stringify-safe/-/json-stringify-safe-5.0.1.tgz#1296a2d58fd45f19a0f6ce01d65701e2c735b6eb"
  
  json5@^0.5.0, json5@^0.5.1:
    version "0.5.1"
    resolved "https://registry.yarnpkg.com/json5/-/json5-0.5.1.tgz#1eade7acc012034ad84e2396767ead9fa5495821"
  
  jsonfile@^4.0.0:
    version "4.0.0"
    resolved "https://registry.yarnpkg.com/jsonfile/-/jsonfile-4.0.0.tgz#8771aae0799b64076b76640fca058f9c10e33ecb"
    optionalDependencies:
      graceful-fs "^4.1.6"
  
  jsonify@~0.0.0:
    version "0.0.0"
    resolved "https://registry.yarnpkg.com/jsonify/-/jsonify-0.0.0.tgz#2c74b6ee41d93ca51b7b5aaee8f503631d252a73"
  
  jsprim@^1.2.2:
    version "1.4.1"
    resolved "https://registry.yarnpkg.com/jsprim/-/jsprim-1.4.1.tgz#313e66bc1e5cc06e438bc1b7499c2e5c56acb6a2"
    dependencies:
      assert-plus "1.0.0"
      extsprintf "1.3.0"
      json-schema "0.2.3"
      verror "1.10.0"
  
  jstransform@11, jstransform@^11.0.3:
    version "11.0.3"
    resolved "https://registry.yarnpkg.com/jstransform/-/jstransform-11.0.3.tgz#09a78993e0ae4d4ef4487f6155a91f6190cb4223"
    dependencies:
      base62 "^1.1.0"
      commoner "^0.10.1"
      esprima-fb "^15001.1.0-dev-harmony-fb"
      object-assign "^2.0.0"
      source-map "^0.4.2"
  
  jstransform@^10.1.0:
    version "10.1.0"
    resolved "https://registry.yarnpkg.com/jstransform/-/jstransform-10.1.0.tgz#b4c49bf63f162c108b0348399a8737c713b0a83a"
    dependencies:
      base62 "0.1.1"
      esprima-fb "13001.1001.0-dev-harmony-fb"
      source-map "0.1.31"
  
  jstransform@^5.0.0:
    version "5.0.0"
    resolved "https://registry.yarnpkg.com/jstransform/-/jstransform-5.0.0.tgz#c515580dddeb825cf8be0cb3cfd63fcf394326a3"
    dependencies:
      base62 "0.1.1"
      esprima-fb "~4001.1.0-dev-harmony-fb"
      source-map "0.1.31"
  
  jsx-loader@^0.13.2:
    version "0.13.2"
    resolved "https://registry.yarnpkg.com/jsx-loader/-/jsx-loader-0.13.2.tgz#9767f643975c78f5e5abeba9bc57885297e732d4"
    dependencies:
      jstransform "11"
      loader-utils "^0.2.2"
  
  jsx-transform@^0.12.1:
    version "0.12.1"
    resolved "https://registry.yarnpkg.com/jsx-transform/-/jsx-transform-0.12.1.tgz#b9e4634efaf1dc9b3202a19e5d02e7cc54757610"
    dependencies:
      jstransform "^10.1.0"
  
  jsx-transform@~0.4.0:
    version "0.4.0"
    resolved "https://registry.yarnpkg.com/jsx-transform/-/jsx-transform-0.4.0.tgz#6a9aec1956fb74651ef5acda0cb575a968a7c162"
    dependencies:
      jstransform "^5.0.0"
  
  jsx-virtual-hyperscript-loader@^0.0.1:
    version "0.0.1"
    resolved "https://registry.yarnpkg.com/jsx-virtual-hyperscript-loader/-/jsx-virtual-hyperscript-loader-0.0.1.tgz#c470d5428a3f150b46bf673e1af2566ca2d91804"
    dependencies:
      jsx-transform "~0.4.0"
  
  kind-of@^2.0.1:
    version "2.0.1"
    resolved "https://registry.yarnpkg.com/kind-of/-/kind-of-2.0.1.tgz#018ec7a4ce7e3a86cb9141be519d24c8faa981b5"
    dependencies:
      is-buffer "^1.0.2"
  
  kind-of@^3.2.2:
    version "3.2.2"
    resolved "https://registry.yarnpkg.com/kind-of/-/kind-of-3.2.2.tgz#31ea21a734bab9bbb0f32466d893aea51e4a3c64"
    dependencies:
      is-buffer "^1.1.5"
  
  lazy-cache@^0.2.3:
    version "0.2.7"
    resolved "https://registry.yarnpkg.com/lazy-cache/-/lazy-cache-0.2.7.tgz#7feddf2dcb6edb77d11ef1d117ab5ffdf0ab1b65"
  
  lcid@^1.0.0:
    version "1.0.0"
    resolved "https://registry.yarnpkg.com/lcid/-/lcid-1.0.0.tgz#308accafa0bc483a3867b4b6f2b9506251d1b835"
    dependencies:
      invert-kv "^1.0.0"
  
  load-json-file@^1.0.0:
    version "1.1.0"
    resolved "https://registry.yarnpkg.com/load-json-file/-/load-json-file-1.1.0.tgz#956905708d58b4bab4c2261b04f59f31c99374c0"
    dependencies:
      graceful-fs "^4.1.2"
      parse-json "^2.2.0"
      pify "^2.0.0"
      pinkie-promise "^2.0.0"
      strip-bom "^2.0.0"
  
  loader-utils@^0.2.15, loader-utils@^0.2.2, loader-utils@^0.2.6:
    version "0.2.17"
    resolved "https://registry.yarnpkg.com/loader-utils/-/loader-utils-0.2.17.tgz#f86e6374d43205a6e6c60e9196f17c0299bfb348"
    dependencies:
      big.js "^3.1.3"
      emojis-list "^2.0.0"
      json5 "^0.5.0"
      object-assign "^4.0.1"
  
  loader-utils@^1.0.1, loader-utils@^1.0.2:
    version "1.1.0"
    resolved "https://registry.yarnpkg.com/loader-utils/-/loader-utils-1.1.0.tgz#c98aef488bcceda2ffb5e2de646d6a754429f5cd"
    dependencies:
      big.js "^3.1.3"
      emojis-list "^2.0.0"
      json5 "^0.5.0"
  
  locate-path@^2.0.0:
    version "2.0.0"
    resolved "https://registry.yarnpkg.com/locate-path/-/locate-path-2.0.0.tgz#2b568b265eec944c6d9c0de9c3dbbbca0354cd8e"
    dependencies:
      p-locate "^2.0.0"
      path-exists "^3.0.0"
  
  lodash.assign@^4.2.0:
    version "4.2.0"
    resolved "https://registry.yarnpkg.com/lodash.assign/-/lodash.assign-4.2.0.tgz#0d99f3ccd7a6d261d19bdaeb9245005d285808e7"
  
  lodash.camelcase@^4.3.0:
    version "4.3.0"
    resolved "https://registry.yarnpkg.com/lodash.camelcase/-/lodash.camelcase-4.3.0.tgz#b28aa6288a2b9fc651035c7711f65ab6190331a6"
  
  lodash.clonedeep@^4.3.2:
    version "4.5.0"
    resolved "https://registry.yarnpkg.com/lodash.clonedeep/-/lodash.clonedeep-4.5.0.tgz#e23f3f9c4f8fbdde872529c1071857a086e5ccef"
  
  lodash.memoize@^4.1.2:
    version "4.1.2"
    resolved "https://registry.yarnpkg.com/lodash.memoize/-/lodash.memoize-4.1.2.tgz#bcc6c49a42a2840ed997f323eada5ecd182e0bfe"
  
  lodash.mergewith@^4.6.0:
    version "4.6.0"
    resolved "https://registry.yarnpkg.com/lodash.mergewith/-/lodash.mergewith-4.6.0.tgz#150cf0a16791f5903b8891eab154609274bdea55"
  
  lodash.tail@^4.1.1:
    version "4.1.1"
    resolved "https://registry.yarnpkg.com/lodash.tail/-/lodash.tail-4.1.1.tgz#d2333a36d9e7717c8ad2f7cacafec7c32b444664"
  
  lodash.uniq@^4.5.0:
    version "4.5.0"
    resolved "https://registry.yarnpkg.com/lodash.uniq/-/lodash.uniq-4.5.0.tgz#d0225373aeb652adc1bc82e4945339a842754773"
  
  lodash@^4.0.0, lodash@^4.14.0, lodash@^4.17.4, lodash@^4.3.0, lodash@~4.17.4:
    version "4.17.4"
    resolved "https://registry.yarnpkg.com/lodash/-/lodash-4.17.4.tgz#78203a4d1c328ae1d86dca6460e369b57f4055ae"
  
  loose-envify@^1.0.0, loose-envify@^1.1.0, loose-envify@^1.3.1:
    version "1.3.1"
    resolved "https://registry.yarnpkg.com/loose-envify/-/loose-envify-1.3.1.tgz#d1a8ad33fa9ce0e713d65fdd0ac8b748d478c848"
    dependencies:
      js-tokens "^3.0.0"
  
  loud-rejection@^1.0.0:
    version "1.6.0"
    resolved "https://registry.yarnpkg.com/loud-rejection/-/loud-rejection-1.6.0.tgz#5b46f80147edee578870f086d04821cf998e551f"
    dependencies:
      currently-unhandled "^0.4.1"
      signal-exit "^3.0.0"
  
  lru-cache@^4.0.1:
    version "4.1.1"
    resolved "https://registry.yarnpkg.com/lru-cache/-/lru-cache-4.1.1.tgz#622e32e82488b49279114a4f9ecf45e7cd6bba55"
    dependencies:
      pseudomap "^1.0.2"
      yallist "^2.1.2"
  
  macaddress@^0.2.8:
    version "0.2.8"
    resolved "https://registry.yarnpkg.com/macaddress/-/macaddress-0.2.8.tgz#5904dc537c39ec6dbefeae902327135fa8511f12"
  
  make-dir@^1.0.0:
    version "1.1.0"
    resolved "https://registry.yarnpkg.com/make-dir/-/make-dir-1.1.0.tgz#19b4369fe48c116f53c2af95ad102c0e39e85d51"
    dependencies:
      pify "^3.0.0"
  
  map-obj@^1.0.0, map-obj@^1.0.1:
    version "1.0.1"
    resolved "https://registry.yarnpkg.com/map-obj/-/map-obj-1.0.1.tgz#d933ceb9205d82bdcf4886f6742bdc2b4dea146d"
  
  math-expression-evaluator@^1.2.14:
    version "1.2.17"
    resolved "https://registry.yarnpkg.com/math-expression-evaluator/-/math-expression-evaluator-1.2.17.tgz#de819fdbcd84dccd8fae59c6aeb79615b9d266ac"
  
  memory-fs@^0.4.0:
    version "0.4.1"
    resolved "https://registry.yarnpkg.com/memory-fs/-/memory-fs-0.4.1.tgz#3a9a20b8462523e447cfbc7e8bb80ed667bfc552"
    dependencies:
      errno "^0.1.3"
      readable-stream "^2.0.1"
  
  meow@^3.7.0:
    version "3.7.0"
    resolved "https://registry.yarnpkg.com/meow/-/meow-3.7.0.tgz#72cb668b425228290abbfa856892587308a801fb"
    dependencies:
      camelcase-keys "^2.0.0"
      decamelize "^1.1.2"
      loud-rejection "^1.0.0"
      map-obj "^1.0.1"
      minimist "^1.1.3"
      normalize-package-data "^2.3.4"
      object-assign "^4.0.1"
      read-pkg-up "^1.0.1"
      redent "^1.0.0"
      trim-newlines "^1.0.0"
  
  mime-db@~1.30.0:
    version "1.30.0"
    resolved "https://registry.yarnpkg.com/mime-db/-/mime-db-1.30.0.tgz#74c643da2dd9d6a45399963465b26d5ca7d71f01"
  
  mime-types@^2.1.12, mime-types@~2.1.17:
    version "2.1.17"
    resolved "https://registry.yarnpkg.com/mime-types/-/mime-types-2.1.17.tgz#09d7a393f03e995a79f8af857b70a9e0ab16557a"
    dependencies:
      mime-db "~1.30.0"
  
  "minimatch@2 || 3", minimatch@^3.0.2, minimatch@^3.0.4, minimatch@~3.0.2:
    version "3.0.4"
    resolved "https://registry.yarnpkg.com/minimatch/-/minimatch-3.0.4.tgz#5166e286457f03306064be5497e8dbb0c3d32083"
    dependencies:
      brace-expansion "^1.1.7"
  
  minimist@0.0.8:
    version "0.0.8"
    resolved "https://registry.yarnpkg.com/minimist/-/minimist-0.0.8.tgz#857fcabfc3397d2625b8228262e86aa7a011b05d"
  
  minimist@^1.1.3:
    version "1.2.0"
    resolved "https://registry.yarnpkg.com/minimist/-/minimist-1.2.0.tgz#a35008b20f41383eec1fb914f4cd5df79a264284"
  
  mixin-object@^2.0.1:
    version "2.0.1"
    resolved "https://registry.yarnpkg.com/mixin-object/-/mixin-object-2.0.1.tgz#4fb949441dab182540f1fe035ba60e1947a5e57e"
    dependencies:
      for-in "^0.1.3"
      is-extendable "^0.1.1"
  
  "mkdirp@>=0.5 0", mkdirp@^0.5.0, mkdirp@^0.5.1, mkdirp@~0.5.1:
    version "0.5.1"
    resolved "https://registry.yarnpkg.com/mkdirp/-/mkdirp-0.5.1.tgz#30057438eac6cf7f8c4767f38648d6697d75c903"
    dependencies:
      minimist "0.0.8"
  
  ms@2.0.0:
    version "2.0.0"
    resolved "https://registry.yarnpkg.com/ms/-/ms-2.0.0.tgz#5608aeadfc00be6c2901df5f9861788de0d597c8"
  
  nan@^2.3.2:
    version "2.7.0"
    resolved "https://registry.yarnpkg.com/nan/-/nan-2.7.0.tgz#d95bf721ec877e08db276ed3fc6eb78f9083ad46"
  
  node-dir@^0.1.10:
    version "0.1.17"
    resolved "https://registry.yarnpkg.com/node-dir/-/node-dir-0.1.17.tgz#5f5665d93351335caabef8f1c554516cf5f1e4e5"
    dependencies:
      minimatch "^3.0.2"
  
  node-fetch@^1.0.1:
    version "1.7.3"
    resolved "https://registry.yarnpkg.com/node-fetch/-/node-fetch-1.7.3.tgz#980f6f72d85211a5347c6b2bc18c5b84c3eb47ef"
    dependencies:
      encoding "^0.1.11"
      is-stream "^1.0.1"
  
  node-gyp@^3.3.1:
    version "3.6.2"
    resolved "https://registry.yarnpkg.com/node-gyp/-/node-gyp-3.6.2.tgz#9bfbe54562286284838e750eac05295853fa1c60"
    dependencies:
      fstream "^1.0.0"
      glob "^7.0.3"
      graceful-fs "^4.1.2"
      minimatch "^3.0.2"
      mkdirp "^0.5.0"
      nopt "2 || 3"
      npmlog "0 || 1 || 2 || 3 || 4"
      osenv "0"
      request "2"
      rimraf "2"
      semver "~5.3.0"
      tar "^2.0.0"
      which "1"
  
  node-sass@^4.5.3:
    version "4.5.3"
    resolved "https://registry.yarnpkg.com/node-sass/-/node-sass-4.5.3.tgz#d09c9d1179641239d1b97ffc6231fdcec53e1568"
    dependencies:
      async-foreach "^0.1.3"
      chalk "^1.1.1"
      cross-spawn "^3.0.0"
      gaze "^1.0.0"
      get-stdin "^4.0.1"
      glob "^7.0.3"
      in-publish "^2.0.0"
      lodash.assign "^4.2.0"
      lodash.clonedeep "^4.3.2"
      lodash.mergewith "^4.6.0"
      meow "^3.7.0"
      mkdirp "^0.5.1"
      nan "^2.3.2"
      node-gyp "^3.3.1"
      npmlog "^4.0.0"
      request "^2.79.0"
      sass-graph "^2.1.1"
      stdout-stream "^1.4.0"
  
  "nopt@2 || 3":
    version "3.0.6"
    resolved "https://registry.yarnpkg.com/nopt/-/nopt-3.0.6.tgz#c6465dbf08abcd4db359317f79ac68a646b28ff9"
    dependencies:
      abbrev "1"
  
  normalize-package-data@^2.3.2, normalize-package-data@^2.3.4:
    version "2.4.0"
    resolved "https://registry.yarnpkg.com/normalize-package-data/-/normalize-package-data-2.4.0.tgz#12f95a307d58352075a04907b84ac8be98ac012f"
    dependencies:
      hosted-git-info "^2.1.4"
      is-builtin-module "^1.0.0"
      semver "2 || 3 || 4 || 5"
      validate-npm-package-license "^3.0.1"
  
  normalize-range@^0.1.2:
    version "0.1.2"
    resolved "https://registry.yarnpkg.com/normalize-range/-/normalize-range-0.1.2.tgz#2d10c06bdfd312ea9777695a4d28439456b75942"
  
  normalize-url@^1.4.0:
    version "1.9.1"
    resolved "https://registry.yarnpkg.com/normalize-url/-/normalize-url-1.9.1.tgz#2cc0d66b31ea23036458436e3620d85954c66c3c"
    dependencies:
      object-assign "^4.0.1"
      prepend-http "^1.0.0"
      query-string "^4.1.0"
      sort-keys "^1.0.0"
  
  "npmlog@0 || 1 || 2 || 3 || 4", npmlog@^4.0.0:
    version "4.1.2"
    resolved "https://registry.yarnpkg.com/npmlog/-/npmlog-4.1.2.tgz#08a7f2a8bf734604779a9efa4ad5cc717abb954b"
    dependencies:
      are-we-there-yet "~1.1.2"
      console-control-strings "~1.1.0"
      gauge "~2.7.3"
      set-blocking "~2.0.0"
  
  num2fraction@^1.2.2:
    version "1.2.2"
    resolved "https://registry.yarnpkg.com/num2fraction/-/num2fraction-1.2.2.tgz#6f682b6a027a4e9ddfa4564cd2589d1d4e669ede"
  
  number-is-nan@^1.0.0:
    version "1.0.1"
    resolved "https://registry.yarnpkg.com/number-is-nan/-/number-is-nan-1.0.1.tgz#097b602b53422a522c1afb8790318336941a011d"
  
  oauth-sign@~0.8.2:
    version "0.8.2"
    resolved "https://registry.yarnpkg.com/oauth-sign/-/oauth-sign-0.8.2.tgz#46a6ab7f0aead8deae9ec0565780b7d4efeb9d43"
  
  object-assign@^2.0.0:
    version "2.1.1"
    resolved "https://registry.yarnpkg.com/object-assign/-/object-assign-2.1.1.tgz#43c36e5d569ff8e4816c4efa8be02d26967c18aa"
  
  object-assign@^4.0.1, object-assign@^4.1.0, object-assign@^4.1.1:
    version "4.1.1"
    resolved "https://registry.yarnpkg.com/object-assign/-/object-assign-4.1.1.tgz#2109adc7965887cfc05cbbd442cac8bfbb360863"
  
  once@^1.3.0:
    version "1.4.0"
    resolved "https://registry.yarnpkg.com/once/-/once-1.4.0.tgz#583b1aa775961d4b113ac17d9c50baef9dd76bd1"
    dependencies:
      wrappy "1"
  
  os-homedir@^1.0.0:
    version "1.0.2"
    resolved "https://registry.yarnpkg.com/os-homedir/-/os-homedir-1.0.2.tgz#ffbc4988336e0e833de0c168c7ef152121aa7fb3"
  
  os-locale@^1.4.0:
    version "1.4.0"
    resolved "https://registry.yarnpkg.com/os-locale/-/os-locale-1.4.0.tgz#20f9f17ae29ed345e8bde583b13d2009803c14d9"
    dependencies:
      lcid "^1.0.0"
  
  os-tmpdir@^1.0.0, os-tmpdir@^1.0.1:
    version "1.0.2"
    resolved "https://registry.yarnpkg.com/os-tmpdir/-/os-tmpdir-1.0.2.tgz#bbe67406c79aa85c5cfec766fe5734555dfa1274"
  
  osenv@0:
    version "0.1.4"
    resolved "https://registry.yarnpkg.com/osenv/-/osenv-0.1.4.tgz#42fe6d5953df06c8064be6f176c3d05aaaa34644"
    dependencies:
      os-homedir "^1.0.0"
      os-tmpdir "^1.0.0"
  
  p-limit@^1.1.0:
    version "1.1.0"
    resolved "https://registry.yarnpkg.com/p-limit/-/p-limit-1.1.0.tgz#b07ff2d9a5d88bec806035895a2bab66a27988bc"
  
  p-locate@^2.0.0:
    version "2.0.0"
    resolved "https://registry.yarnpkg.com/p-locate/-/p-locate-2.0.0.tgz#20a0103b222a70c8fd39cc2e580680f3dde5ec43"
    dependencies:
      p-limit "^1.1.0"
  
  parse-json@^2.2.0:
    version "2.2.0"
    resolved "https://registry.yarnpkg.com/parse-json/-/parse-json-2.2.0.tgz#f480f40434ef80741f8469099f8dea18f55a4dc9"
    dependencies:
      error-ex "^1.2.0"
  
  path-exists@^2.0.0:
    version "2.1.0"
    resolved "https://registry.yarnpkg.com/path-exists/-/path-exists-2.1.0.tgz#0feb6c64f0fc518d9a754dd5efb62c7022761f4b"
    dependencies:
      pinkie-promise "^2.0.0"
  
  path-exists@^3.0.0:
    version "3.0.0"
    resolved "https://registry.yarnpkg.com/path-exists/-/path-exists-3.0.0.tgz#ce0ebeaa5f78cb18925ea7d810d7b59b010fd515"
  
  path-is-absolute@^1.0.0, path-is-absolute@^1.0.1:
    version "1.0.1"
    resolved "https://registry.yarnpkg.com/path-is-absolute/-/path-is-absolute-1.0.1.tgz#174b9268735534ffbc7ace6bf53a5a9e1b5c5f5f"
  
  path-type@^1.0.0:
    version "1.1.0"
    resolved "https://registry.yarnpkg.com/path-type/-/path-type-1.1.0.tgz#59c44f7ee491da704da415da5a4070ba4f8fe441"
    dependencies:
      graceful-fs "^4.1.2"
      pify "^2.0.0"
      pinkie-promise "^2.0.0"
  
  performance-now@^2.1.0:
    version "2.1.0"
    resolved "https://registry.yarnpkg.com/performance-now/-/performance-now-2.1.0.tgz#6309f4e0e5fa913ec1c69307ae364b4b377c9e7b"
  
  pify@^2.0.0:
    version "2.3.0"
    resolved "https://registry.yarnpkg.com/pify/-/pify-2.3.0.tgz#ed141a6ac043a849ea588498e7dca8b15330e90c"
  
  pify@^3.0.0:
    version "3.0.0"
    resolved "https://registry.yarnpkg.com/pify/-/pify-3.0.0.tgz#e5a4acd2c101fdf3d9a4d07f0dbc4db49dd28176"
  
  pinkie-promise@^2.0.0:
    version "2.0.1"
    resolved "https://registry.yarnpkg.com/pinkie-promise/-/pinkie-promise-2.0.1.tgz#2135d6dfa7a358c069ac9b178776288228450ffa"
    dependencies:
      pinkie "^2.0.0"
  
  pinkie@^2.0.0:
    version "2.0.4"
    resolved "https://registry.yarnpkg.com/pinkie/-/pinkie-2.0.4.tgz#72556b80cfa0d48a974e80e77248e80ed4f7f870"
  
  pkg-dir@^2.0.0:
    version "2.0.0"
    resolved "https://registry.yarnpkg.com/pkg-dir/-/pkg-dir-2.0.0.tgz#f6d5d1109e19d63edf428e0bd57e12777615334b"
    dependencies:
      find-up "^2.1.0"
  
  postcss-calc@^5.2.0:
    version "5.3.1"
    resolved "https://registry.yarnpkg.com/postcss-calc/-/postcss-calc-5.3.1.tgz#77bae7ca928ad85716e2fda42f261bf7c1d65b5e"
    dependencies:
      postcss "^5.0.2"
      postcss-message-helpers "^2.0.0"
      reduce-css-calc "^1.2.6"
  
  postcss-colormin@^2.1.8:
    version "2.2.2"
    resolved "https://registry.yarnpkg.com/postcss-colormin/-/postcss-colormin-2.2.2.tgz#6631417d5f0e909a3d7ec26b24c8a8d1e4f96e4b"
    dependencies:
      colormin "^1.0.5"
      postcss "^5.0.13"
      postcss-value-parser "^3.2.3"
  
  postcss-convert-values@^2.3.4:
    version "2.6.1"
    resolved "https://registry.yarnpkg.com/postcss-convert-values/-/postcss-convert-values-2.6.1.tgz#bbd8593c5c1fd2e3d1c322bb925dcae8dae4d62d"
    dependencies:
      postcss "^5.0.11"
      postcss-value-parser "^3.1.2"
  
  postcss-discard-comments@^2.0.4:
    version "2.0.4"
    resolved "https://registry.yarnpkg.com/postcss-discard-comments/-/postcss-discard-comments-2.0.4.tgz#befe89fafd5b3dace5ccce51b76b81514be00e3d"
    dependencies:
      postcss "^5.0.14"
  
  postcss-discard-duplicates@^2.0.1:
    version "2.1.0"
    resolved "https://registry.yarnpkg.com/postcss-discard-duplicates/-/postcss-discard-duplicates-2.1.0.tgz#b9abf27b88ac188158a5eb12abcae20263b91932"
    dependencies:
      postcss "^5.0.4"
  
  postcss-discard-empty@^2.0.1:
    version "2.1.0"
    resolved "https://registry.yarnpkg.com/postcss-discard-empty/-/postcss-discard-empty-2.1.0.tgz#d2b4bd9d5ced5ebd8dcade7640c7d7cd7f4f92b5"
    dependencies:
      postcss "^5.0.14"
  
  postcss-discard-overridden@^0.1.1:
    version "0.1.1"
    resolved "https://registry.yarnpkg.com/postcss-discard-overridden/-/postcss-discard-overridden-0.1.1.tgz#8b1eaf554f686fb288cd874c55667b0aa3668d58"
    dependencies:
      postcss "^5.0.16"
  
  postcss-discard-unused@^2.2.1:
    version "2.2.3"
    resolved "https://registry.yarnpkg.com/postcss-discard-unused/-/postcss-discard-unused-2.2.3.tgz#bce30b2cc591ffc634322b5fb3464b6d934f4433"
    dependencies:
      postcss "^5.0.14"
      uniqs "^2.0.0"
  
  postcss-filter-plugins@^2.0.0:
    version "2.0.2"
    resolved "https://registry.yarnpkg.com/postcss-filter-plugins/-/postcss-filter-plugins-2.0.2.tgz#6d85862534d735ac420e4a85806e1f5d4286d84c"
    dependencies:
      postcss "^5.0.4"
      uniqid "^4.0.0"
  
  postcss-merge-idents@^2.1.5:
    version "2.1.7"
    resolved "https://registry.yarnpkg.com/postcss-merge-idents/-/postcss-merge-idents-2.1.7.tgz#4c5530313c08e1d5b3bbf3d2bbc747e278eea270"
    dependencies:
      has "^1.0.1"
      postcss "^5.0.10"
      postcss-value-parser "^3.1.1"
  
  postcss-merge-longhand@^2.0.1:
    version "2.0.2"
    resolved "https://registry.yarnpkg.com/postcss-merge-longhand/-/postcss-merge-longhand-2.0.2.tgz#23d90cd127b0a77994915332739034a1a4f3d658"
    dependencies:
      postcss "^5.0.4"
  
  postcss-merge-rules@^2.0.3:
    version "2.1.2"
    resolved "https://registry.yarnpkg.com/postcss-merge-rules/-/postcss-merge-rules-2.1.2.tgz#d1df5dfaa7b1acc3be553f0e9e10e87c61b5f721"
    dependencies:
      browserslist "^1.5.2"
      caniuse-api "^1.5.2"
      postcss "^5.0.4"
      postcss-selector-parser "^2.2.2"
      vendors "^1.0.0"
  
  postcss-message-helpers@^2.0.0:
    version "2.0.0"
    resolved "https://registry.yarnpkg.com/postcss-message-helpers/-/postcss-message-helpers-2.0.0.tgz#a4f2f4fab6e4fe002f0aed000478cdf52f9ba60e"
  
  postcss-minify-font-values@^1.0.2:
    version "1.0.5"
    resolved "https://registry.yarnpkg.com/postcss-minify-font-values/-/postcss-minify-font-values-1.0.5.tgz#4b58edb56641eba7c8474ab3526cafd7bbdecb69"
    dependencies:
      object-assign "^4.0.1"
      postcss "^5.0.4"
      postcss-value-parser "^3.0.2"
  
  postcss-minify-gradients@^1.0.1:
    version "1.0.5"
    resolved "https://registry.yarnpkg.com/postcss-minify-gradients/-/postcss-minify-gradients-1.0.5.tgz#5dbda11373703f83cfb4a3ea3881d8d75ff5e6e1"
    dependencies:
      postcss "^5.0.12"
      postcss-value-parser "^3.3.0"
  
  postcss-minify-params@^1.0.4:
    version "1.2.2"
    resolved "https://registry.yarnpkg.com/postcss-minify-params/-/postcss-minify-params-1.2.2.tgz#ad2ce071373b943b3d930a3fa59a358c28d6f1f3"
    dependencies:
      alphanum-sort "^1.0.1"
      postcss "^5.0.2"
      postcss-value-parser "^3.0.2"
      uniqs "^2.0.0"
  
  postcss-minify-selectors@^2.0.4:
    version "2.1.1"
    resolved "https://registry.yarnpkg.com/postcss-minify-selectors/-/postcss-minify-selectors-2.1.1.tgz#b2c6a98c0072cf91b932d1a496508114311735bf"
    dependencies:
      alphanum-sort "^1.0.2"
      has "^1.0.1"
      postcss "^5.0.14"
      postcss-selector-parser "^2.0.0"
  
  postcss-modules-extract-imports@^1.0.0:
    version "1.2.0"
    resolved "https://registry.yarnpkg.com/postcss-modules-extract-imports/-/postcss-modules-extract-imports-1.2.0.tgz#66140ecece38ef06bf0d3e355d69bf59d141ea85"
    dependencies:
      postcss "^6.0.1"
  
  postcss-modules-local-by-default@^1.0.1:
    version "1.2.0"
    resolved "https://registry.yarnpkg.com/postcss-modules-local-by-default/-/postcss-modules-local-by-default-1.2.0.tgz#f7d80c398c5a393fa7964466bd19500a7d61c069"
    dependencies:
      css-selector-tokenizer "^0.7.0"
      postcss "^6.0.1"
  
  postcss-modules-scope@^1.0.0:
    version "1.1.0"
    resolved "https://registry.yarnpkg.com/postcss-modules-scope/-/postcss-modules-scope-1.1.0.tgz#d6ea64994c79f97b62a72b426fbe6056a194bb90"
    dependencies:
      css-selector-tokenizer "^0.7.0"
      postcss "^6.0.1"
  
  postcss-modules-values@^1.1.0:
    version "1.3.0"
    resolved "https://registry.yarnpkg.com/postcss-modules-values/-/postcss-modules-values-1.3.0.tgz#ecffa9d7e192518389f42ad0e83f72aec456ea20"
    dependencies:
      icss-replace-symbols "^1.1.0"
      postcss "^6.0.1"
  
  postcss-normalize-charset@^1.1.0:
    version "1.1.1"
    resolved "https://registry.yarnpkg.com/postcss-normalize-charset/-/postcss-normalize-charset-1.1.1.tgz#ef9ee71212d7fe759c78ed162f61ed62b5cb93f1"
    dependencies:
      postcss "^5.0.5"
  
  postcss-normalize-url@^3.0.7:
    version "3.0.8"
    resolved "https://registry.yarnpkg.com/postcss-normalize-url/-/postcss-normalize-url-3.0.8.tgz#108f74b3f2fcdaf891a2ffa3ea4592279fc78222"
    dependencies:
      is-absolute-url "^2.0.0"
      normalize-url "^1.4.0"
      postcss "^5.0.14"
      postcss-value-parser "^3.2.3"
  
  postcss-ordered-values@^2.1.0:
    version "2.2.3"
    resolved "https://registry.yarnpkg.com/postcss-ordered-values/-/postcss-ordered-values-2.2.3.tgz#eec6c2a67b6c412a8db2042e77fe8da43f95c11d"
    dependencies:
      postcss "^5.0.4"
      postcss-value-parser "^3.0.1"
  
  postcss-reduce-idents@^2.2.2:
    version "2.4.0"
    resolved "https://registry.yarnpkg.com/postcss-reduce-idents/-/postcss-reduce-idents-2.4.0.tgz#c2c6d20cc958284f6abfbe63f7609bf409059ad3"
    dependencies:
      postcss "^5.0.4"
      postcss-value-parser "^3.0.2"
  
  postcss-reduce-initial@^1.0.0:
    version "1.0.1"
    resolved "https://registry.yarnpkg.com/postcss-reduce-initial/-/postcss-reduce-initial-1.0.1.tgz#68f80695f045d08263a879ad240df8dd64f644ea"
    dependencies:
      postcss "^5.0.4"
  
  postcss-reduce-transforms@^1.0.3:
    version "1.0.4"
    resolved "https://registry.yarnpkg.com/postcss-reduce-transforms/-/postcss-reduce-transforms-1.0.4.tgz#ff76f4d8212437b31c298a42d2e1444025771ae1"
    dependencies:
      has "^1.0.1"
      postcss "^5.0.8"
      postcss-value-parser "^3.0.1"
  
  postcss-selector-parser@^2.0.0, postcss-selector-parser@^2.2.2:
    version "2.2.3"
    resolved "https://registry.yarnpkg.com/postcss-selector-parser/-/postcss-selector-parser-2.2.3.tgz#f9437788606c3c9acee16ffe8d8b16297f27bb90"
    dependencies:
      flatten "^1.0.2"
      indexes-of "^1.0.1"
      uniq "^1.0.1"
  
  postcss-svgo@^2.1.1:
    version "2.1.6"
    resolved "https://registry.yarnpkg.com/postcss-svgo/-/postcss-svgo-2.1.6.tgz#b6df18aa613b666e133f08adb5219c2684ac108d"
    dependencies:
      is-svg "^2.0.0"
      postcss "^5.0.14"
      postcss-value-parser "^3.2.3"
      svgo "^0.7.0"
  
  postcss-unique-selectors@^2.0.2:
    version "2.0.2"
    resolved "https://registry.yarnpkg.com/postcss-unique-selectors/-/postcss-unique-selectors-2.0.2.tgz#981d57d29ddcb33e7b1dfe1fd43b8649f933ca1d"
    dependencies:
      alphanum-sort "^1.0.1"
      postcss "^5.0.4"
      uniqs "^2.0.0"
  
  postcss-value-parser@^3.0.1, postcss-value-parser@^3.0.2, postcss-value-parser@^3.1.1, postcss-value-parser@^3.1.2, postcss-value-parser@^3.2.3, postcss-value-parser@^3.3.0:
    version "3.3.0"
    resolved "https://registry.yarnpkg.com/postcss-value-parser/-/postcss-value-parser-3.3.0.tgz#87f38f9f18f774a4ab4c8a232f5c5ce8872a9d15"
  
  postcss-zindex@^2.0.1:
    version "2.2.0"
    resolved "https://registry.yarnpkg.com/postcss-zindex/-/postcss-zindex-2.2.0.tgz#d2109ddc055b91af67fc4cb3b025946639d2af22"
    dependencies:
      has "^1.0.1"
      postcss "^5.0.4"
      uniqs "^2.0.0"
  
  postcss@^5.0.10, postcss@^5.0.11, postcss@^5.0.12, postcss@^5.0.13, postcss@^5.0.14, postcss@^5.0.16, postcss@^5.0.2, postcss@^5.0.4, postcss@^5.0.5, postcss@^5.0.6, postcss@^5.0.8, postcss@^5.2.16:
    version "5.2.18"
    resolved "https://registry.yarnpkg.com/postcss/-/postcss-5.2.18.tgz#badfa1497d46244f6390f58b319830d9107853c5"
    dependencies:
      chalk "^1.1.3"
      js-base64 "^2.1.9"
      source-map "^0.5.6"
      supports-color "^3.2.3"
  
  postcss@^6.0.1:
    version "6.0.13"
    resolved "https://registry.yarnpkg.com/postcss/-/postcss-6.0.13.tgz#b9ecab4ee00c89db3ec931145bd9590bbf3f125f"
    dependencies:
      chalk "^2.1.0"
      source-map "^0.6.1"
      supports-color "^4.4.0"
  
  prepend-http@^1.0.0:
    version "1.0.4"
    resolved "https://registry.yarnpkg.com/prepend-http/-/prepend-http-1.0.4.tgz#d4f4562b0ce3696e41ac52d0e002e57a635dc6dc"
  
  private@^0.1.6, private@^0.1.7, private@~0.1.5:
    version "0.1.8"
    resolved "https://registry.yarnpkg.com/private/-/private-0.1.8.tgz#2381edb3689f7a53d653190060fcf822d2f368ff"
  
  process-nextick-args@~1.0.6:
    version "1.0.7"
    resolved "https://registry.yarnpkg.com/process-nextick-args/-/process-nextick-args-1.0.7.tgz#150e20b756590ad3f91093f25a4f2ad8bff30ba3"
  
  promise@^7.1.1:
    version "7.3.1"
    resolved "https://registry.yarnpkg.com/promise/-/promise-7.3.1.tgz#064b72602b18f90f29192b8b1bc418ffd1ebd3bf"
    dependencies:
      asap "~2.0.3"
  
  prop-types@^15.6.0:
    version "15.6.0"
    resolved "https://registry.yarnpkg.com/prop-types/-/prop-types-15.6.0.tgz#ceaf083022fc46b4a35f69e13ef75aed0d639856"
    dependencies:
      fbjs "^0.8.16"
      loose-envify "^1.3.1"
      object-assign "^4.1.1"
  
  prr@~0.0.0:
    version "0.0.0"
    resolved "https://registry.yarnpkg.com/prr/-/prr-0.0.0.tgz#1a84b85908325501411853d0081ee3fa86e2926a"
  
  pseudomap@^1.0.2:
    version "1.0.2"
    resolved "https://registry.yarnpkg.com/pseudomap/-/pseudomap-1.0.2.tgz#f052a28da70e618917ef0a8ac34c1ae5a68286b3"
  
  punycode@^1.4.1:
    version "1.4.1"
    resolved "https://registry.yarnpkg.com/punycode/-/punycode-1.4.1.tgz#c0d5a63b2718800ad8e1eb0fa5269c84dd41845e"
  
  q@^1.1.2:
    version "1.5.1"
    resolved "https://registry.yarnpkg.com/q/-/q-1.5.1.tgz#7e32f75b41381291d04611f1bf14109ac00651d7"
  
  qs@~6.5.1:
    version "6.5.1"
    resolved "https://registry.yarnpkg.com/qs/-/qs-6.5.1.tgz#349cdf6eef89ec45c12d7d5eb3fc0c870343a6d8"
  
  query-string@^4.1.0:
    version "4.3.4"
    resolved "https://registry.yarnpkg.com/query-string/-/query-string-4.3.4.tgz#bbb693b9ca915c232515b228b1a02b609043dbeb"
    dependencies:
      object-assign "^4.1.0"
      strict-uri-encode "^1.0.0"
  
  react@^16.0.0:
    version "16.0.0"
    resolved "https://registry.yarnpkg.com/react/-/react-16.0.0.tgz#ce7df8f1941b036f02b2cca9dbd0cb1f0e855e2d"
    dependencies:
      fbjs "^0.8.16"
      loose-envify "^1.1.0"
      object-assign "^4.1.1"
      prop-types "^15.6.0"
  
  read-pkg-up@^1.0.1:
    version "1.0.1"
    resolved "https://registry.yarnpkg.com/read-pkg-up/-/read-pkg-up-1.0.1.tgz#9d63c13276c065918d57f002a57f40a1b643fb02"
    dependencies:
      find-up "^1.0.0"
      read-pkg "^1.0.0"
  
  read-pkg@^1.0.0:
    version "1.1.0"
    resolved "https://registry.yarnpkg.com/read-pkg/-/read-pkg-1.1.0.tgz#f5ffaa5ecd29cb31c0474bca7d756b6bb29e3f28"
    dependencies:
      load-json-file "^1.0.0"
      normalize-package-data "^2.3.2"
      path-type "^1.0.0"
  
  readable-stream@^2.0.1, readable-stream@^2.0.6:
    version "2.3.3"
    resolved "https://registry.yarnpkg.com/readable-stream/-/readable-stream-2.3.3.tgz#368f2512d79f9d46fdfc71349ae7878bbc1eb95c"
    dependencies:
      core-util-is "~1.0.0"
      inherits "~2.0.3"
      isarray "~1.0.0"
      process-nextick-args "~1.0.6"
      safe-buffer "~5.1.1"
      string_decoder "~1.0.3"
      util-deprecate "~1.0.1"
  
  recast@^0.11.17:
    version "0.11.23"
    resolved "https://registry.yarnpkg.com/recast/-/recast-0.11.23.tgz#451fd3004ab1e4df9b4e4b66376b2a21912462d3"
    dependencies:
      ast-types "0.9.6"
      esprima "~3.1.0"
      private "~0.1.5"
      source-map "~0.5.0"
  
  redent@^1.0.0:
    version "1.0.0"
    resolved "https://registry.yarnpkg.com/redent/-/redent-1.0.0.tgz#cf916ab1fd5f1f16dfb20822dd6ec7f730c2afde"
    dependencies:
      indent-string "^2.1.0"
      strip-indent "^1.0.1"
  
  reduce-css-calc@^1.2.6:
    version "1.3.0"
    resolved "https://registry.yarnpkg.com/reduce-css-calc/-/reduce-css-calc-1.3.0.tgz#747c914e049614a4c9cfbba629871ad1d2927716"
    dependencies:
      balanced-match "^0.4.2"
      math-expression-evaluator "^1.2.14"
      reduce-function-call "^1.0.1"
  
  reduce-function-call@^1.0.1:
    version "1.0.2"
    resolved "https://registry.yarnpkg.com/reduce-function-call/-/reduce-function-call-1.0.2.tgz#5a200bf92e0e37751752fe45b0ab330fd4b6be99"
    dependencies:
      balanced-match "^0.4.2"
  
  regenerate@^1.2.1:
    version "1.3.3"
    resolved "https://registry.yarnpkg.com/regenerate/-/regenerate-1.3.3.tgz#0c336d3980553d755c39b586ae3b20aa49c82b7f"
  
  regenerator-runtime@^0.11.0:
    version "0.11.0"
    resolved "https://registry.yarnpkg.com/regenerator-runtime/-/regenerator-runtime-0.11.0.tgz#7e54fe5b5ccd5d6624ea6255c3473be090b802e1"
  
  regexpu-core@^1.0.0:
    version "1.0.0"
    resolved "https://registry.yarnpkg.com/regexpu-core/-/regexpu-core-1.0.0.tgz#86a763f58ee4d7c2f6b102e4764050de7ed90c6b"
    dependencies:
      regenerate "^1.2.1"
      regjsgen "^0.2.0"
      regjsparser "^0.1.4"
  
  regjsgen@^0.2.0:
    version "0.2.0"
    resolved "https://registry.yarnpkg.com/regjsgen/-/regjsgen-0.2.0.tgz#6c016adeac554f75823fe37ac05b92d5a4edb1f7"
  
  regjsparser@^0.1.4:
    version "0.1.5"
    resolved "https://registry.yarnpkg.com/regjsparser/-/regjsparser-0.1.5.tgz#7ee8f84dc6fa792d3fd0ae228d24bd949ead205c"
    dependencies:
      jsesc "~0.5.0"
  
  repeating@^2.0.0:
    version "2.0.1"
    resolved "https://registry.yarnpkg.com/repeating/-/repeating-2.0.1.tgz#5214c53a926d3552707527fbab415dbc08d06dda"
    dependencies:
      is-finite "^1.0.0"
  
  request@2, request@^2.79.0:
    version "2.83.0"
    resolved "https://registry.yarnpkg.com/request/-/request-2.83.0.tgz#ca0b65da02ed62935887808e6f510381034e3356"
    dependencies:
      aws-sign2 "~0.7.0"
      aws4 "^1.6.0"
      caseless "~0.12.0"
      combined-stream "~1.0.5"
      extend "~3.0.1"
      forever-agent "~0.6.1"
      form-data "~2.3.1"
      har-validator "~5.0.3"
      hawk "~6.0.2"
      http-signature "~1.2.0"
      is-typedarray "~1.0.0"
      isstream "~0.1.2"
      json-stringify-safe "~5.0.1"
      mime-types "~2.1.17"
      oauth-sign "~0.8.2"
      performance-now "^2.1.0"
      qs "~6.5.1"
      safe-buffer "^5.1.1"
      stringstream "~0.0.5"
      tough-cookie "~2.3.3"
      tunnel-agent "^0.6.0"
      uuid "^3.1.0"
  
  require-directory@^2.1.1:
    version "2.1.1"
    resolved "https://registry.yarnpkg.com/require-directory/-/require-directory-2.1.1.tgz#8c64ad5fd30dab1c976e2344ffe7f792a6a6df42"
  
  require-main-filename@^1.0.1:
    version "1.0.1"
    resolved "https://registry.yarnpkg.com/require-main-filename/-/require-main-filename-1.0.1.tgz#97f717b69d48784f5f526a6c5aa8ffdda055a4d1"
  
  rimraf@2, rimraf@^2.6.1:
    version "2.6.2"
    resolved "https://registry.yarnpkg.com/rimraf/-/rimraf-2.6.2.tgz#2ed8150d24a16ea8651e6d6ef0f47c4158ce7a36"
    dependencies:
      glob "^7.0.5"
  
  safe-buffer@^5.0.1, safe-buffer@^5.1.1, safe-buffer@~5.1.0, safe-buffer@~5.1.1:
    version "5.1.1"
    resolved "https://registry.yarnpkg.com/safe-buffer/-/safe-buffer-5.1.1.tgz#893312af69b2123def71f57889001671eeb2c853"
  
  sass-graph@^2.1.1:
    version "2.2.4"
    resolved "https://registry.yarnpkg.com/sass-graph/-/sass-graph-2.2.4.tgz#13fbd63cd1caf0908b9fd93476ad43a51d1e0b49"
    dependencies:
      glob "^7.0.0"
      lodash "^4.0.0"
      scss-tokenizer "^0.2.3"
      yargs "^7.0.0"
  
  sass-loader@^6.0.6:
    version "6.0.6"
    resolved "https://registry.yarnpkg.com/sass-loader/-/sass-loader-6.0.6.tgz#e9d5e6c1f155faa32a4b26d7a9b7107c225e40f9"
    dependencies:
      async "^2.1.5"
      clone-deep "^0.3.0"
      loader-utils "^1.0.1"
      lodash.tail "^4.1.1"
      pify "^3.0.0"
  
  sax@~1.2.1:
    version "1.2.4"
    resolved "https://registry.yarnpkg.com/sax/-/sax-1.2.4.tgz#2816234e2378bddc4e5354fab5caa895df7100d9"
  
  scss-tokenizer@^0.2.3:
    version "0.2.3"
    resolved "https://registry.yarnpkg.com/scss-tokenizer/-/scss-tokenizer-0.2.3.tgz#8eb06db9a9723333824d3f5530641149847ce5d1"
    dependencies:
      js-base64 "^2.1.8"
      source-map "^0.4.2"
  
  "semver@2 || 3 || 4 || 5", semver@^5.0.1:
    version "5.4.1"
    resolved "https://registry.yarnpkg.com/semver/-/semver-5.4.1.tgz#e059c09d8571f0540823733433505d3a2f00b18e"
  
  semver@~5.3.0:
    version "5.3.0"
    resolved "https://registry.yarnpkg.com/semver/-/semver-5.3.0.tgz#9b2ce5d3de02d17c6012ad326aa6b4d0cf54f94f"
  
  set-blocking@^2.0.0, set-blocking@~2.0.0:
    version "2.0.0"
    resolved "https://registry.yarnpkg.com/set-blocking/-/set-blocking-2.0.0.tgz#045f9782d011ae9a6803ddd382b24392b3d890f7"
  
  setimmediate@^1.0.5:
    version "1.0.5"
    resolved "https://registry.yarnpkg.com/setimmediate/-/setimmediate-1.0.5.tgz#290cbb232e306942d7d7ea9b83732ab7856f8285"
  
  shallow-clone@^0.1.2:
    version "0.1.2"
    resolved "https://registry.yarnpkg.com/shallow-clone/-/shallow-clone-0.1.2.tgz#5909e874ba77106d73ac414cfec1ffca87d97060"
    dependencies:
      is-extendable "^0.1.1"
      kind-of "^2.0.1"
      lazy-cache "^0.2.3"
      mixin-object "^2.0.1"
  
  signal-exit@^3.0.0:
    version "3.0.2"
    resolved "https://registry.yarnpkg.com/signal-exit/-/signal-exit-3.0.2.tgz#b5fdc08f1287ea1178628e415e25132b73646c6d"
  
  slash@^1.0.0:
    version "1.0.0"
    resolved "https://registry.yarnpkg.com/slash/-/slash-1.0.0.tgz#c41f2f6c39fc16d1cd17ad4b5d896114ae470d55"
  
  sntp@2.x.x:
    version "2.0.2"
    resolved "https://registry.yarnpkg.com/sntp/-/sntp-2.0.2.tgz#5064110f0af85f7cfdb7d6b67a40028ce52b4b2b"
    dependencies:
      hoek "4.x.x"
  
  sort-keys@^1.0.0:
    version "1.1.2"
    resolved "https://registry.yarnpkg.com/sort-keys/-/sort-keys-1.1.2.tgz#441b6d4d346798f1b4e49e8920adfba0e543f9ad"
    dependencies:
      is-plain-obj "^1.0.0"
  
  source-list-map@^2.0.0:
    version "2.0.0"
    resolved "https://registry.yarnpkg.com/source-list-map/-/source-list-map-2.0.0.tgz#aaa47403f7b245a92fbc97ea08f250d6087ed085"
  
  source-map-support@^0.4.15:
    version "0.4.18"
    resolved "https://registry.yarnpkg.com/source-map-support/-/source-map-support-0.4.18.tgz#0286a6de8be42641338594e97ccea75f0a2c585f"
    dependencies:
      source-map "^0.5.6"
  
  source-map@0.1.31:
    version "0.1.31"
    resolved "https://registry.yarnpkg.com/source-map/-/source-map-0.1.31.tgz#9f704d0d69d9e138a81badf6ebb4fde33d151c61"
    dependencies:
      amdefine ">=0.0.4"
  
  source-map@^0.4.2:
    version "0.4.4"
    resolved "https://registry.yarnpkg.com/source-map/-/source-map-0.4.4.tgz#eba4f5da9c0dc999de68032d8b4f76173652036b"
    dependencies:
      amdefine ">=0.0.4"
  
  source-map@^0.5.3, source-map@^0.5.6, source-map@~0.5.0:
    version "0.5.7"
    resolved "https://registry.yarnpkg.com/source-map/-/source-map-0.5.7.tgz#8a039d2d1021d22d1ea14c80d8ea468ba2ef3fcc"
  
  source-map@^0.6.1:
    version "0.6.1"
    resolved "https://registry.yarnpkg.com/source-map/-/source-map-0.6.1.tgz#74722af32e9614e9c287a8d0bbde48b5e2f1a263"
  
  spdx-correct@~1.0.0:
    version "1.0.2"
    resolved "https://registry.yarnpkg.com/spdx-correct/-/spdx-correct-1.0.2.tgz#4b3073d933ff51f3912f03ac5519498a4150db40"
    dependencies:
      spdx-license-ids "^1.0.2"
  
  spdx-expression-parse@~1.0.0:
    version "1.0.4"
    resolved "https://registry.yarnpkg.com/spdx-expression-parse/-/spdx-expression-parse-1.0.4.tgz#9bdf2f20e1f40ed447fbe273266191fced51626c"
  
  spdx-license-ids@^1.0.2:
    version "1.2.2"
    resolved "https://registry.yarnpkg.com/spdx-license-ids/-/spdx-license-ids-1.2.2.tgz#c9df7a3424594ade6bd11900d596696dc06bac57"
  
  sprintf-js@~1.0.2:
    version "1.0.3"
    resolved "https://registry.yarnpkg.com/sprintf-js/-/sprintf-js-1.0.3.tgz#04e6926f662895354f3dd015203633b857297e2c"
  
  sshpk@^1.7.0:
    version "1.13.1"
    resolved "https://registry.yarnpkg.com/sshpk/-/sshpk-1.13.1.tgz#512df6da6287144316dc4c18fe1cf1d940739be3"
    dependencies:
      asn1 "~0.2.3"
      assert-plus "^1.0.0"
      dashdash "^1.12.0"
      getpass "^0.1.1"
    optionalDependencies:
      bcrypt-pbkdf "^1.0.0"
      ecc-jsbn "~0.1.1"
      jsbn "~0.1.0"
      tweetnacl "~0.14.0"
  
  stdout-stream@^1.4.0:
    version "1.4.0"
    resolved "https://registry.yarnpkg.com/stdout-stream/-/stdout-stream-1.4.0.tgz#a2c7c8587e54d9427ea9edb3ac3f2cd522df378b"
    dependencies:
      readable-stream "^2.0.1"
  
  strict-uri-encode@^1.0.0:
    version "1.1.0"
    resolved "https://registry.yarnpkg.com/strict-uri-encode/-/strict-uri-encode-1.1.0.tgz#279b225df1d582b1f54e65addd4352e18faa0713"
  
  string-width@^1.0.1, string-width@^1.0.2:
    version "1.0.2"
    resolved "https://registry.yarnpkg.com/string-width/-/string-width-1.0.2.tgz#118bdf5b8cdc51a2a7e70d211e07e2b0b9b107d3"
    dependencies:
      code-point-at "^1.0.0"
      is-fullwidth-code-point "^1.0.0"
      strip-ansi "^3.0.0"
  
  string_decoder@~1.0.3:
    version "1.0.3"
    resolved "https://registry.yarnpkg.com/string_decoder/-/string_decoder-1.0.3.tgz#0fc67d7c141825de94282dd536bec6b9bce860ab"
    dependencies:
      safe-buffer "~5.1.0"
  
  stringstream@~0.0.5:
    version "0.0.5"
    resolved "https://registry.yarnpkg.com/stringstream/-/stringstream-0.0.5.tgz#4e484cd4de5a0bbbee18e46307710a8a81621878"
  
  strip-ansi@^3.0.0, strip-ansi@^3.0.1:
    version "3.0.1"
    resolved "https://registry.yarnpkg.com/strip-ansi/-/strip-ansi-3.0.1.tgz#6a385fb8853d952d5ff05d0e8aaf94278dc63dcf"
    dependencies:
      ansi-regex "^2.0.0"
  
  strip-bom@^2.0.0:
    version "2.0.0"
    resolved "https://registry.yarnpkg.com/strip-bom/-/strip-bom-2.0.0.tgz#6219a85616520491f35788bdbf1447a99c7e6b0e"
    dependencies:
      is-utf8 "^0.2.0"
  
  strip-indent@^1.0.1:
    version "1.0.1"
    resolved "https://registry.yarnpkg.com/strip-indent/-/strip-indent-1.0.1.tgz#0c7962a6adefa7bbd4ac366460a638552ae1a0a2"
    dependencies:
      get-stdin "^4.0.1"
  
  supports-color@^2.0.0:
    version "2.0.0"
    resolved "https://registry.yarnpkg.com/supports-color/-/supports-color-2.0.0.tgz#535d045ce6b6363fa40117084629995e9df324c7"
  
  supports-color@^3.2.3:
    version "3.2.3"
    resolved "https://registry.yarnpkg.com/supports-color/-/supports-color-3.2.3.tgz#65ac0504b3954171d8a64946b2ae3cbb8a5f54f6"
    dependencies:
      has-flag "^1.0.0"
  
  supports-color@^4.0.0, supports-color@^4.4.0:
    version "4.5.0"
    resolved "https://registry.yarnpkg.com/supports-color/-/supports-color-4.5.0.tgz#be7a0de484dec5c5cddf8b3d59125044912f635b"
    dependencies:
      has-flag "^2.0.0"
  
  svgo@^0.7.0:
    version "0.7.2"
    resolved "https://registry.yarnpkg.com/svgo/-/svgo-0.7.2.tgz#9f5772413952135c6fefbf40afe6a4faa88b4bb5"
    dependencies:
      coa "~1.0.1"
      colors "~1.1.2"
      csso "~2.3.1"
      js-yaml "~3.7.0"
      mkdirp "~0.5.1"
      sax "~1.2.1"
      whet.extend "~0.9.9"
  
  tapable@^0.2.7:
    version "0.2.8"
    resolved "https://registry.yarnpkg.com/tapable/-/tapable-0.2.8.tgz#99372a5c999bf2df160afc0d74bed4f47948cd22"
  
  tar@^2.0.0:
    version "2.2.1"
    resolved "https://registry.yarnpkg.com/tar/-/tar-2.2.1.tgz#8e4d2a256c0e2185c6b18ad694aec968b83cb1d1"
    dependencies:
      block-stream "*"
      fstream "^1.0.2"
      inherits "2"
  
  to-fast-properties@^1.0.3:
    version "1.0.3"
    resolved "https://registry.yarnpkg.com/to-fast-properties/-/to-fast-properties-1.0.3.tgz#b83571fa4d8c25b82e231b06e3a3055de4ca1a47"
  
  tough-cookie@~2.3.3:
    version "2.3.3"
    resolved "https://registry.yarnpkg.com/tough-cookie/-/tough-cookie-2.3.3.tgz#0b618a5565b6dea90bf3425d04d55edc475a7561"
    dependencies:
      punycode "^1.4.1"
  
  trim-newlines@^1.0.0:
    version "1.0.0"
    resolved "https://registry.yarnpkg.com/trim-newlines/-/trim-newlines-1.0.0.tgz#5887966bb582a4503a41eb524f7d35011815a613"
  
  trim-right@^1.0.1:
    version "1.0.1"
    resolved "https://registry.yarnpkg.com/trim-right/-/trim-right-1.0.1.tgz#cb2e1203067e0c8de1f614094b9fe45704ea6003"
  
  ts-loader@^3.0.5:
    version "3.0.5"
    resolved "https://registry.yarnpkg.com/ts-loader/-/ts-loader-3.0.5.tgz#a22a50eda4258de6fcbd9ed4e7a356130a64cfa0"
    dependencies:
      chalk "^2.2.0"
      enhanced-resolve "^3.0.0"
      loader-utils "^1.0.2"
      semver "^5.0.1"
  
  tunnel-agent@^0.6.0:
    version "0.6.0"
    resolved "https://registry.yarnpkg.com/tunnel-agent/-/tunnel-agent-0.6.0.tgz#27a5dea06b36b04a0a9966774b290868f0fc40fd"
    dependencies:
      safe-buffer "^5.0.1"
  
  tweetnacl@^0.14.3, tweetnacl@~0.14.0:
    version "0.14.5"
    resolved "https://registry.yarnpkg.com/tweetnacl/-/tweetnacl-0.14.5.tgz#5ae68177f192d4456269d108afa93ff8743f4f64"
  
  ua-parser-js@^0.7.9:
    version "0.7.17"
    resolved "https://registry.yarnpkg.com/ua-parser-js/-/ua-parser-js-0.7.17.tgz#e9ec5f9498b9ec910e7ae3ac626a805c4d09ecac"
  
  uniq@^1.0.1:
    version "1.0.1"
    resolved "https://registry.yarnpkg.com/uniq/-/uniq-1.0.1.tgz#b31c5ae8254844a3a8281541ce2b04b865a734ff"
  
  uniqid@^4.0.0:
    version "4.1.1"
    resolved "https://registry.yarnpkg.com/uniqid/-/uniqid-4.1.1.tgz#89220ddf6b751ae52b5f72484863528596bb84c1"
    dependencies:
      macaddress "^0.2.8"
  
  uniqs@^2.0.0:
    version "2.0.0"
    resolved "https://registry.yarnpkg.com/uniqs/-/uniqs-2.0.0.tgz#ffede4b36b25290696e6e165d4a59edb998e6b02"
  
  universalify@^0.1.0:
    version "0.1.1"
    resolved "https://registry.yarnpkg.com/universalify/-/universalify-0.1.1.tgz#fa71badd4437af4c148841e3b3b165f9e9e590b7"
  
  util-deprecate@~1.0.1:
    version "1.0.2"
    resolved "https://registry.yarnpkg.com/util-deprecate/-/util-deprecate-1.0.2.tgz#450d4dc9fa70de732762fbd2d4a28981419a0ccf"
  
  uuid@^3.1.0:
    version "3.1.0"
    resolved "https://registry.yarnpkg.com/uuid/-/uuid-3.1.0.tgz#3dd3d3e790abc24d7b0d3a034ffababe28ebbc04"
  
  validate-npm-package-license@^3.0.1:
    version "3.0.1"
    resolved "https://registry.yarnpkg.com/validate-npm-package-license/-/validate-npm-package-license-3.0.1.tgz#2804babe712ad3379459acfbe24746ab2c303fbc"
    dependencies:
      spdx-correct "~1.0.0"
      spdx-expression-parse "~1.0.0"
  
  vendors@^1.0.0:
    version "1.0.1"
    resolved "https://registry.yarnpkg.com/vendors/-/vendors-1.0.1.tgz#37ad73c8ee417fb3d580e785312307d274847f22"
  
  verror@1.10.0:
    version "1.10.0"
    resolved "https://registry.yarnpkg.com/verror/-/verror-1.10.0.tgz#3a105ca17053af55d6e270c1f8288682e18da400"
    dependencies:
      assert-plus "^1.0.0"
      core-util-is "1.0.2"
      extsprintf "^1.2.0"
  
  virtual-dom-loader@^0.1.0:
    version "0.1.0"
    resolved "https://registry.yarnpkg.com/virtual-dom-loader/-/virtual-dom-loader-0.1.0.tgz#d42557a10a148b57837afcd48626130205c0fe0c"
    dependencies:
      jsx-transform "^0.12.1"
      loader-utils "^0.2.6"
  
  whatwg-fetch@>=0.10.0:
    version "2.0.3"
    resolved "https://registry.yarnpkg.com/whatwg-fetch/-/whatwg-fetch-2.0.3.tgz#9c84ec2dcf68187ff00bc64e1274b442176e1c84"
  
  whet.extend@~0.9.9:
    version "0.9.9"
    resolved "https://registry.yarnpkg.com/whet.extend/-/whet.extend-0.9.9.tgz#f877d5bf648c97e5aa542fadc16d6a259b9c11a1"
  
  which-module@^1.0.0:
    version "1.0.0"
    resolved "https://registry.yarnpkg.com/which-module/-/which-module-1.0.0.tgz#bba63ca861948994ff307736089e3b96026c2a4f"
  
  which@1, which@^1.2.9:
    version "1.3.0"
    resolved "https://registry.yarnpkg.com/which/-/which-1.3.0.tgz#ff04bdfc010ee547d780bec38e1ac1c2777d253a"
    dependencies:
      isexe "^2.0.0"
  
  wide-align@^1.1.0:
    version "1.1.2"
    resolved "https://registry.yarnpkg.com/wide-align/-/wide-align-1.1.2.tgz#571e0f1b0604636ebc0dfc21b0339bbe31341710"
    dependencies:
      string-width "^1.0.2"
  
  wrap-ansi@^2.0.0:
    version "2.1.0"
    resolved "https://registry.yarnpkg.com/wrap-ansi/-/wrap-ansi-2.1.0.tgz#d8fc3d284dd05794fe84973caecdd1cf824fdd85"
    dependencies:
      string-width "^1.0.1"
      strip-ansi "^3.0.1"
  
  wrappy@1:
    version "1.0.2"
    resolved "https://registry.yarnpkg.com/wrappy/-/wrappy-1.0.2.tgz#b5243d8f3ec1aa35f1364605bc0d1036e30ab69f"
  
  y18n@^3.2.1:
    version "3.2.1"
    resolved "https://registry.yarnpkg.com/y18n/-/y18n-3.2.1.tgz#6d15fba884c08679c0d77e88e7759e811e07fa41"
  
  yallist@^2.1.2:
    version "2.1.2"
    resolved "https://registry.yarnpkg.com/yallist/-/yallist-2.1.2.tgz#1c11f9218f076089a47dd512f93c6699a6a81d52"
  
  yargs-parser@^5.0.0:
    version "5.0.0"
    resolved "https://registry.yarnpkg.com/yargs-parser/-/yargs-parser-5.0.0.tgz#275ecf0d7ffe05c77e64e7c86e4cd94bf0e1228a"
    dependencies:
      camelcase "^3.0.0"
  
  yargs@^7.0.0:
    version "7.1.0"
    resolved "https://registry.yarnpkg.com/yargs/-/yargs-7.1.0.tgz#6ba318eb16961727f5d284f8ea003e8d6154d0c8"
    dependencies:
      camelcase "^3.0.0"
      cliui "^3.2.0"
      decamelize "^1.1.1"
      get-caller-file "^1.0.1"
      os-locale "^1.4.0"
      read-pkg-up "^1.0.1"
      require-directory "^2.1.1"
      require-main-filename "^1.0.1"
      set-blocking "^2.0.0"
      string-width "^1.0.2"
      which-module "^1.0.0"
      y18n "^3.2.1"
      yargs-parser "^5.0.0"

Trace: 
  Error: ENOTEMPTY: directory not empty, rmdir '/media/D/htdocs/webpack/node_modules/node-sass/vendor/linux-x64-57'
